#
# There is insufficient memory for the Java Runtime Environment to continue.
# Native memory allocation (malloc) failed to allocate 1617136 bytes for Chunk::new
# Possible reasons:
#   The system is out of physical RAM or swap space
#   The process is running with CompressedOops enabled, and the Java Heap may be blocking the growth of the native heap
# Possible solutions:
#   Reduce memory load on the system
#   Increase physical memory or swap space
#   Check if swap backing store is full
#   Decrease Java heap size (-Xmx/-Xms)
#   Decrease number of Java threads
#   Decrease Java thread stack sizes (-Xss)
#   Set larger code cache with -XX:ReservedCodeCacheSize=
#   JVM is running with Unscaled Compressed Oops mode in which the Java heap is
#     placed in the first 4GB address space. The Java Heap base address is the
#     maximum limit for the native heap growth. Please use -XX:HeapBaseMinAddress
#     to set the Java Heap base and to place the Java Heap above 4GB virtual address.
# This output file may be truncated or incomplete.
#
#  Out of Memory Error (./src/hotspot/share/memory/arena.cpp:197), pid=15824, tid=18404
#
# JRE version: OpenJDK Runtime Environment (11.0.13) (build 11.0.13+0-b1751.21-8125866)
# Java VM: OpenJDK 64-Bit Server VM (11.0.13+0-b1751.21-8125866, mixed mode, tiered, compressed oops, g1 gc, windows-amd64)
# No core dump will be written. Minidumps are not enabled by default on client versions of Windows
#

---------------  S U M M A R Y ------------

Command Line: --add-opens=java.base/java.util=ALL-UNNAMED --add-opens=java.base/java.lang=ALL-UNNAMED --add-opens=java.base/java.lang.invoke=ALL-UNNAMED --add-opens=java.base/java.util=ALL-UNNAMED --add-opens=java.prefs/java.util.prefs=ALL-UNNAMED --add-opens=java.prefs/java.util.prefs=ALL-UNNAMED --add-opens=java.base/java.nio.charset=ALL-UNNAMED --add-opens=java.base/java.net=ALL-UNNAMED --add-opens=java.base/java.util.concurrent.atomic=ALL-UNNAMED -Xmx2048m -Dfile.encoding=UTF-8 -Duser.country=US -Duser.language=en -Duser.variant org.gradle.launcher.daemon.bootstrap.GradleDaemon 7.4

Host: Intel(R) Core(TM) i5-9600KF CPU @ 3.70GHz, 6 cores, 15G,  Windows 10 , 64 bit Build 19041 (10.0.19041.1889)
Time: Thu Sep 15 19:39:01 2022 Central America Standard Time elapsed time: 1818.187425 seconds (0d 0h 30m 18s)

---------------  T H R E A D  ---------------

Current thread (0x000001df44d49800):  JavaThread "C2 CompilerThread0" daemon [_thread_in_native, id=18404, stack(0x0000008439800000,0x0000008439900000)]


Current CompileTask:
C2:1818187 16896       4       com.android.ide.common.blame.MergingLogPersistUtil::lambda$normalize$0 (107 bytes)

Stack: [0x0000008439800000,0x0000008439900000]
Native frames: (J=compiled Java code, j=interpreted, Vv=VM code, C=native code)
V  [jvm.dll+0x6100fa]
V  [jvm.dll+0x747090]
V  [jvm.dll+0x7486ad]
V  [jvm.dll+0x748d83]
V  [jvm.dll+0x24ab48]
V  [jvm.dll+0xc04dc]
V  [jvm.dll+0xc0a0c]
V  [jvm.dll+0x35eb5b]
V  [jvm.dll+0x32b833]
V  [jvm.dll+0x32ad2a]
V  [jvm.dll+0x2032b2]
V  [jvm.dll+0x202437]
V  [jvm.dll+0x188e01]
V  [jvm.dll+0x21106b]
V  [jvm.dll+0x20f8c1]
V  [jvm.dll+0x70de0f]
V  [jvm.dll+0x706a75]
V  [jvm.dll+0x60ed66]
C  [ucrtbase.dll+0x21bb2]
C  [KERNEL32.DLL+0x17034]
C  [ntdll.dll+0x526a1]


---------------  P R O C E S S  ---------------

Threads class SMR info:
_java_thread_list=0x000001df4c96b070, length=110, elements={
0x000001df2a40e000, 0x000001df44ce2000, 0x000001df44cf0800, 0x000001df44d41800,
0x000001df44d43000, 0x000001df44d47800, 0x000001df44d49800, 0x000001df44d4f000,
0x000001df44d52800, 0x000001df44eb2000, 0x000001df46e89800, 0x000001df46876800,
0x000001df46313000, 0x000001df47001000, 0x000001df47002000, 0x000001df46fff800,
0x000001df47000800, 0x000001df47003000, 0x000001df47003800, 0x000001df46ffe800,
0x000001df46ffe000, 0x000001df47004800, 0x000001df4853e800, 0x000001df4853c800,
0x000001df4853d800, 0x000001df48541800, 0x000001df45588000, 0x000001df4557e800,
0x000001df4557a800, 0x000001df45581000, 0x000001df4557f000, 0x000001df45580000,
0x000001df4557c000, 0x000001df4557b000, 0x000001df4557d000, 0x000001df45581800,
0x000001df45583800, 0x000001df4557d800, 0x000001df45584000, 0x000001df45585000,
0x000001df45586000, 0x000001df45586800, 0x000001df45587800, 0x000001df45582800,
0x000001df45589000, 0x000001df48540000, 0x000001df4853a800, 0x000001df48541000,
0x000001df4853b000, 0x000001df48547800, 0x000001df48543800, 0x000001df48548000,
0x000001df48542800, 0x000001df48545800, 0x000001df48546800, 0x000001df48549000,
0x000001df48544000, 0x000001df48545000, 0x000001df44e45800, 0x000001df44e44800,
0x000001df44e47000, 0x000001df44e41800, 0x000001df44e48000, 0x000001df44e44000,
0x000001df44e46800, 0x000001df44e42000, 0x000001df44e43000, 0x000001df4c27c800,
0x000001df4c27a000, 0x000001df4c277800, 0x000001df4c27b000, 0x000001df4c27b800,
0x000001df4c277000, 0x000001df4c27d800, 0x000001df4c278800, 0x000001df4c279000,
0x000001df4c26b000, 0x000001df4c267800, 0x000001df4c269000, 0x000001df4c26c800,
0x000001df4c268800, 0x000001df4c26b800, 0x000001df4c267000, 0x000001df4c26a000,
0x000001df4c26d800, 0x000001df4c274000, 0x000001df4c26e000, 0x000001df4c270000,
0x000001df4c271800, 0x000001df4c270800, 0x000001df4c274800, 0x000001df4c26f000,
0x000001df4c272000, 0x000001df4c273000, 0x000001df4c275800, 0x000001df45562000,
0x000001df45563000, 0x000001df45564000, 0x000001df4555f800, 0x000001df45566000,
0x000001df45564800, 0x000001df45565800, 0x000001df45560800, 0x000001df45567000,
0x000001df45561800, 0x000001df4556c000, 0x000001df45568000, 0x000001df4556d000,
0x000001df45569800, 0x000001df48da7000
}

Java Threads: ( => current thread )
  0x000001df2a40e000 JavaThread "main" [_thread_blocked, id=1176, stack(0x0000008438c00000,0x0000008438d00000)]
  0x000001df44ce2000 JavaThread "Reference Handler" daemon [_thread_blocked, id=16820, stack(0x0000008439300000,0x0000008439400000)]
  0x000001df44cf0800 JavaThread "Finalizer" daemon [_thread_blocked, id=13972, stack(0x0000008439400000,0x0000008439500000)]
  0x000001df44d41800 JavaThread "Signal Dispatcher" daemon [_thread_blocked, id=18352, stack(0x0000008439500000,0x0000008439600000)]
  0x000001df44d43000 JavaThread "Attach Listener" daemon [_thread_blocked, id=9272, stack(0x0000008439600000,0x0000008439700000)]
  0x000001df44d47800 JavaThread "Service Thread" daemon [_thread_blocked, id=11592, stack(0x0000008439700000,0x0000008439800000)]
=>0x000001df44d49800 JavaThread "C2 CompilerThread0" daemon [_thread_in_native, id=18404, stack(0x0000008439800000,0x0000008439900000)]
  0x000001df44d4f000 JavaThread "C1 CompilerThread0" daemon [_thread_blocked, id=11884, stack(0x0000008439900000,0x0000008439a00000)]
  0x000001df44d52800 JavaThread "Sweeper thread" daemon [_thread_blocked, id=7048, stack(0x0000008439a00000,0x0000008439b00000)]
  0x000001df44eb2000 JavaThread "Common-Cleaner" daemon [_thread_blocked, id=19788, stack(0x0000008439b00000,0x0000008439c00000)]
  0x000001df46e89800 JavaThread "Daemon health stats" [_thread_blocked, id=16772, stack(0x000000843a300000,0x000000843a400000)]
  0x000001df46876800 JavaThread "Incoming local TCP Connector on port 49826" [_thread_in_native, id=20336, stack(0x000000843a400000,0x000000843a500000)]
  0x000001df46313000 JavaThread "Daemon periodic checks" [_thread_blocked, id=16088, stack(0x000000843a500000,0x000000843a600000)]
  0x000001df47001000 JavaThread "Cache worker for journal cache (C:\Users\XPC\.gradle\caches\journal-1)" [_thread_blocked, id=19072, stack(0x000000843ad00000,0x000000843ae00000)]
  0x000001df47002000 JavaThread "File lock request listener" [_thread_in_native, id=10216, stack(0x000000843ae00000,0x000000843af00000)]
  0x000001df46fff800 JavaThread "Cache worker for file hash cache (C:\Users\XPC\.gradle\caches\7.4\fileHashes)" [_thread_blocked, id=20392, stack(0x000000843b000000,0x000000843b100000)]
  0x000001df47000800 JavaThread "File watcher server" daemon [_thread_in_native, id=13764, stack(0x000000843b100000,0x000000843b200000)]
  0x000001df47003000 JavaThread "File watcher consumer" daemon [_thread_blocked, id=8364, stack(0x000000843b200000,0x000000843b300000)]
  0x000001df47003800 JavaThread "jar transforms" [_thread_blocked, id=20464, stack(0x000000843b300000,0x000000843b400000)]
  0x000001df46ffe800 JavaThread "jar transforms Thread 2" [_thread_blocked, id=17704, stack(0x000000843b400000,0x000000843b500000)]
  0x000001df46ffe000 JavaThread "jar transforms Thread 3" [_thread_blocked, id=5380, stack(0x000000843b500000,0x000000843b600000)]
  0x000001df47004800 JavaThread "jar transforms Thread 4" [_thread_blocked, id=19516, stack(0x000000843b600000,0x000000843b700000)]
  0x000001df4853e800 JavaThread "jar transforms Thread 5" [_thread_blocked, id=15440, stack(0x000000843b700000,0x000000843b800000)]
  0x000001df4853c800 JavaThread "jar transforms Thread 6" [_thread_blocked, id=14800, stack(0x000000843b800000,0x000000843b900000)]
  0x000001df4853d800 JavaThread "Cache worker for execution history cache (C:\Users\XPC\.gradle\caches\7.4\executionHistory)" [_thread_blocked, id=3244, stack(0x000000843bd00000,0x000000843be00000)]
  0x000001df48541800 JavaThread "Cache worker for file content cache (C:\Users\XPC\.gradle\caches\7.4\fileContent)" [_thread_blocked, id=10064, stack(0x000000843be00000,0x000000843bf00000)]
  0x000001df45588000 JavaThread "Memory manager" [_thread_blocked, id=18540, stack(0x000000843fd00000,0x000000843fe00000)]
  0x000001df4557e800 JavaThread "Daemon Thread 2" [_thread_blocked, id=12080, stack(0x0000008438900000,0x0000008438a00000)]
  0x000001df4557a800 JavaThread "Handler for socket connection from /127.0.0.1:49826 to /127.0.0.1:53702" [_thread_in_native, id=20456, stack(0x0000008438a00000,0x0000008438b00000)]
  0x000001df45581000 JavaThread "Cancel handler" [_thread_blocked, id=4732, stack(0x0000008438b00000,0x0000008438c00000)]
  0x000001df4557f000 JavaThread "Daemon worker Thread 2" [_thread_blocked, id=8180, stack(0x0000008439d00000,0x0000008439e00000)]
  0x000001df45580000 JavaThread "Asynchronous log dispatcher for DefaultDaemonConnection: socket connection from /127.0.0.1:49826 to /127.0.0.1:53702" [_thread_blocked, id=15336, stack(0x000000843a600000,0x000000843a700000)]
  0x000001df4557c000 JavaThread "Stdin handler" [_thread_blocked, id=236, stack(0x000000843a700000,0x000000843a800000)]
  0x000001df4557b000 JavaThread "Daemon client event forwarder" [_thread_blocked, id=15448, stack(0x000000843a800000,0x000000843a900000)]
  0x000001df4557d000 JavaThread "Cache worker for checksums cache (C:\Users\XPC\Documents\movil\Lugares\.gradle\7.4\checksums)" [_thread_blocked, id=10196, stack(0x000000843a900000,0x000000843aa00000)]
  0x000001df45581800 JavaThread "Cache worker for cache directory md-rule (C:\Users\XPC\.gradle\caches\7.4\md-rule)" [_thread_blocked, id=18116, stack(0x000000843aa00000,0x000000843ab00000)]
  0x000001df45583800 JavaThread "Cache worker for file hash cache (C:\Users\XPC\Documents\movil\Lugares\.gradle\7.4\fileHashes)" [_thread_blocked, id=11304, stack(0x000000843ab00000,0x000000843ac00000)]
  0x000001df4557d800 JavaThread "Cache worker for cache directory md-supplier (C:\Users\XPC\.gradle\caches\7.4\md-supplier)" [_thread_blocked, id=13532, stack(0x000000843ac00000,0x000000843ad00000)]
  0x000001df45584000 JavaThread "Cache worker for dependencies-accessors (C:\Users\XPC\Documents\movil\Lugares\.gradle\7.4\dependencies-accessors)" [_thread_blocked, id=7440, stack(0x000000843ba00000,0x000000843bb00000)]
  0x000001df45585000 JavaThread "Cache worker for Build Output Cleanup Cache (C:\Users\XPC\Documents\movil\Lugares\.gradle\buildOutputCleanup)" [_thread_blocked, id=17044, stack(0x000000843bb00000,0x000000843bc00000)]
  0x000001df45586000 JavaThread "Unconstrained build operations" [_thread_blocked, id=18500, stack(0x000000843bf00000,0x000000843c000000)]
  0x000001df45586800 JavaThread "Unconstrained build operations Thread 2" [_thread_blocked, id=5672, stack(0x000000843c000000,0x000000843c100000)]
  0x000001df45587800 JavaThread "Unconstrained build operations Thread 3" [_thread_blocked, id=3092, stack(0x000000843c100000,0x000000843c200000)]
  0x000001df45582800 JavaThread "Unconstrained build operations Thread 4" [_thread_blocked, id=11780, stack(0x000000843c200000,0x000000843c300000)]
  0x000001df45589000 JavaThread "Unconstrained build operations Thread 5" [_thread_blocked, id=9680, stack(0x000000843c300000,0x000000843c400000)]
  0x000001df48540000 JavaThread "Unconstrained build operations Thread 6" [_thread_blocked, id=18064, stack(0x000000843c400000,0x000000843c500000)]
  0x000001df4853a800 JavaThread "Unconstrained build operations Thread 7" [_thread_blocked, id=8556, stack(0x000000843c500000,0x000000843c600000)]
  0x000001df48541000 JavaThread "Unconstrained build operations Thread 8" [_thread_blocked, id=11188, stack(0x000000843c600000,0x000000843c700000)]
  0x000001df4853b000 JavaThread "Unconstrained build operations Thread 9" [_thread_blocked, id=17816, stack(0x000000843c700000,0x000000843c800000)]
  0x000001df48547800 JavaThread "Unconstrained build operations Thread 10" [_thread_blocked, id=3372, stack(0x000000843c800000,0x000000843c900000)]
  0x000001df48543800 JavaThread "Unconstrained build operations Thread 11" [_thread_blocked, id=19940, stack(0x000000843c900000,0x000000843ca00000)]
  0x000001df48548000 JavaThread "Unconstrained build operations Thread 12" [_thread_blocked, id=8388, stack(0x000000843ca00000,0x000000843cb00000)]
  0x000001df48542800 JavaThread "Unconstrained build operations Thread 13" [_thread_blocked, id=17544, stack(0x000000843cb00000,0x000000843cc00000)]
  0x000001df48545800 JavaThread "Unconstrained build operations Thread 14" [_thread_blocked, id=2400, stack(0x000000843cc00000,0x000000843cd00000)]
  0x000001df48546800 JavaThread "Unconstrained build operations Thread 15" [_thread_blocked, id=19172, stack(0x000000843cd00000,0x000000843ce00000)]
  0x000001df48549000 JavaThread "Unconstrained build operations Thread 16" [_thread_blocked, id=13552, stack(0x000000843ce00000,0x000000843cf00000)]
  0x000001df48544000 JavaThread "Unconstrained build operations Thread 17" [_thread_blocked, id=19748, stack(0x000000843cf00000,0x000000843d000000)]
  0x000001df48545000 JavaThread "Unconstrained build operations Thread 18" [_thread_blocked, id=13996, stack(0x000000843d000000,0x000000843d100000)]
  0x000001df44e45800 JavaThread "Unconstrained build operations Thread 19" [_thread_blocked, id=19668, stack(0x000000843d100000,0x000000843d200000)]
  0x000001df44e44800 JavaThread "Unconstrained build operations Thread 20" [_thread_blocked, id=14020, stack(0x000000843d200000,0x000000843d300000)]
  0x000001df44e47000 JavaThread "Unconstrained build operations Thread 21" [_thread_blocked, id=4424, stack(0x000000843d300000,0x000000843d400000)]
  0x000001df44e41800 JavaThread "Unconstrained build operations Thread 22" [_thread_blocked, id=8804, stack(0x000000843d400000,0x000000843d500000)]
  0x000001df44e48000 JavaThread "Unconstrained build operations Thread 23" [_thread_blocked, id=18028, stack(0x000000843d500000,0x000000843d600000)]
  0x000001df44e44000 JavaThread "Unconstrained build operations Thread 24" [_thread_blocked, id=7712, stack(0x000000843d600000,0x000000843d700000)]
  0x000001df44e46800 JavaThread "Unconstrained build operations Thread 25" [_thread_blocked, id=3028, stack(0x000000843d700000,0x000000843d800000)]
  0x000001df44e42000 JavaThread "Unconstrained build operations Thread 26" [_thread_blocked, id=1848, stack(0x000000843d800000,0x000000843d900000)]
  0x000001df44e43000 JavaThread "Unconstrained build operations Thread 27" [_thread_blocked, id=4156, stack(0x000000843d900000,0x000000843da00000)]
  0x000001df4c27c800 JavaThread "Unconstrained build operations Thread 28" [_thread_blocked, id=9204, stack(0x000000843da00000,0x000000843db00000)]
  0x000001df4c27a000 JavaThread "Unconstrained build operations Thread 29" [_thread_blocked, id=13072, stack(0x000000843db00000,0x000000843dc00000)]
  0x000001df4c277800 JavaThread "Unconstrained build operations Thread 30" [_thread_blocked, id=18588, stack(0x000000843dc00000,0x000000843dd00000)]
  0x000001df4c27b000 JavaThread "Unconstrained build operations Thread 31" [_thread_blocked, id=16056, stack(0x000000843dd00000,0x000000843de00000)]
  0x000001df4c27b800 JavaThread "Unconstrained build operations Thread 32" [_thread_blocked, id=14740, stack(0x000000843de00000,0x000000843df00000)]
  0x000001df4c277000 JavaThread "Unconstrained build operations Thread 33" [_thread_blocked, id=8900, stack(0x000000843df00000,0x000000843e000000)]
  0x000001df4c27d800 JavaThread "Unconstrained build operations Thread 34" [_thread_blocked, id=20208, stack(0x000000843e000000,0x000000843e100000)]
  0x000001df4c278800 JavaThread "Unconstrained build operations Thread 35" [_thread_blocked, id=2656, stack(0x000000843e100000,0x000000843e200000)]
  0x000001df4c279000 JavaThread "Unconstrained build operations Thread 36" [_thread_blocked, id=17092, stack(0x000000843e200000,0x000000843e300000)]
  0x000001df4c26b000 JavaThread "Unconstrained build operations Thread 37" [_thread_blocked, id=7936, stack(0x000000843e300000,0x000000843e400000)]
  0x000001df4c267800 JavaThread "Unconstrained build operations Thread 38" [_thread_blocked, id=7952, stack(0x000000843e400000,0x000000843e500000)]
  0x000001df4c269000 JavaThread "Unconstrained build operations Thread 39" [_thread_blocked, id=19208, stack(0x000000843e500000,0x000000843e600000)]
  0x000001df4c26c800 JavaThread "Unconstrained build operations Thread 40" [_thread_blocked, id=6148, stack(0x000000843e600000,0x000000843e700000)]
  0x000001df4c268800 JavaThread "Unconstrained build operations Thread 41" [_thread_blocked, id=5696, stack(0x000000843e700000,0x000000843e800000)]
  0x000001df4c26b800 JavaThread "Unconstrained build operations Thread 42" [_thread_blocked, id=16368, stack(0x000000843e800000,0x000000843e900000)]
  0x000001df4c267000 JavaThread "Unconstrained build operations Thread 43" [_thread_blocked, id=9156, stack(0x000000843e900000,0x000000843ea00000)]
  0x000001df4c26a000 JavaThread "Unconstrained build operations Thread 44" [_thread_blocked, id=1344, stack(0x000000843ea00000,0x000000843eb00000)]
  0x000001df4c26d800 JavaThread "Unconstrained build operations Thread 45" [_thread_blocked, id=1468, stack(0x000000843eb00000,0x000000843ec00000)]
  0x000001df4c274000 JavaThread "Unconstrained build operations Thread 46" [_thread_blocked, id=17724, stack(0x000000843ec00000,0x000000843ed00000)]
  0x000001df4c26e000 JavaThread "Unconstrained build operations Thread 47" [_thread_blocked, id=13044, stack(0x000000843ed00000,0x000000843ee00000)]
  0x000001df4c270000 JavaThread "Unconstrained build operations Thread 48" [_thread_blocked, id=9640, stack(0x000000843ee00000,0x000000843ef00000)]
  0x000001df4c271800 JavaThread "Unconstrained build operations Thread 49" [_thread_blocked, id=8936, stack(0x000000843ef00000,0x000000843f000000)]
  0x000001df4c270800 JavaThread "Unconstrained build operations Thread 50" [_thread_blocked, id=9044, stack(0x000000843f000000,0x000000843f100000)]
  0x000001df4c274800 JavaThread "Unconstrained build operations Thread 51" [_thread_blocked, id=11180, stack(0x000000843f100000,0x000000843f200000)]
  0x000001df4c26f000 JavaThread "Unconstrained build operations Thread 52" [_thread_blocked, id=10052, stack(0x000000843f200000,0x000000843f300000)]
  0x000001df4c272000 JavaThread "Unconstrained build operations Thread 53" [_thread_blocked, id=2132, stack(0x000000843f300000,0x000000843f400000)]
  0x000001df4c273000 JavaThread "Unconstrained build operations Thread 54" [_thread_blocked, id=10992, stack(0x000000843f400000,0x000000843f500000)]
  0x000001df4c275800 JavaThread "Unconstrained build operations Thread 55" [_thread_blocked, id=10364, stack(0x000000843f500000,0x000000843f600000)]
  0x000001df45562000 JavaThread "Unconstrained build operations Thread 56" [_thread_blocked, id=1576, stack(0x000000843f600000,0x000000843f700000)]
  0x000001df45563000 JavaThread "Unconstrained build operations Thread 57" [_thread_blocked, id=4092, stack(0x000000843f700000,0x000000843f800000)]
  0x000001df45564000 JavaThread "Unconstrained build operations Thread 58" [_thread_blocked, id=2624, stack(0x000000843f800000,0x000000843f900000)]
  0x000001df4555f800 JavaThread "Unconstrained build operations Thread 59" [_thread_blocked, id=6388, stack(0x000000843f900000,0x000000843fa00000)]
  0x000001df45566000 JavaThread "Unconstrained build operations Thread 60" [_thread_blocked, id=1196, stack(0x000000843fa00000,0x000000843fb00000)]
  0x000001df45564800 JavaThread "build event listener" [_thread_blocked, id=15036, stack(0x000000843fb00000,0x000000843fc00000)]
  0x000001df45565800 JavaThread "included builds" [_thread_blocked, id=4548, stack(0x000000843fc00000,0x000000843fd00000)]
  0x000001df45560800 JavaThread "Execution worker for ':'" [_thread_blocked, id=19096, stack(0x000000843fe00000,0x000000843ff00000)]
  0x000001df45567000 JavaThread "Execution worker for ':' Thread 2" [_thread_blocked, id=20352, stack(0x000000843ff00000,0x0000008440000000)]
  0x000001df45561800 JavaThread "Execution worker for ':' Thread 3" [_thread_blocked, id=15856, stack(0x0000008440000000,0x0000008440100000)]
  0x000001df4556c000 JavaThread "Execution worker for ':' Thread 4" [_thread_in_Java, id=8476, stack(0x0000008440100000,0x0000008440200000)]
  0x000001df45568000 JavaThread "Execution worker for ':' Thread 5" [_thread_blocked, id=16720, stack(0x0000008440200000,0x0000008440300000)]
  0x000001df4556d000 JavaThread "Cache worker for execution history cache (C:\Users\XPC\Documents\movil\Lugares\.gradle\7.4\executionHistory)" [_thread_blocked, id=10256, stack(0x0000008440300000,0x0000008440400000)]
  0x000001df45569800 JavaThread "WorkerExecutor Queue" [_thread_blocked, id=9256, stack(0x0000008440400000,0x0000008440500000)]
  0x000001df48da7000 JavaThread "C2 CompilerThread1" daemon [_thread_in_native, id=17496, stack(0x000000843bc00000,0x000000843bd00000)]

Other Threads:
  0x000001df444be000 VMThread "VM Thread" [stack: 0x0000008439200000,0x0000008439300000] [id=16012]
  0x000001df44ed6000 WatcherThread [stack: 0x0000008439c00000,0x0000008439d00000] [id=20104]
  0x000001df2a427000 GCTaskThread "GC Thread#0" [stack: 0x0000008438d00000,0x0000008438e00000] [id=1396]
  0x000001df456b5000 GCTaskThread "GC Thread#1" [stack: 0x0000008439e00000,0x0000008439f00000] [id=19660]
  0x000001df45d0c000 GCTaskThread "GC Thread#2" [stack: 0x0000008439f00000,0x000000843a000000] [id=15528]
  0x000001df45ca5000 GCTaskThread "GC Thread#3" [stack: 0x000000843a000000,0x000000843a100000] [id=148]
  0x000001df455af000 GCTaskThread "GC Thread#4" [stack: 0x000000843a100000,0x000000843a200000] [id=6228]
  0x000001df457e3800 GCTaskThread "GC Thread#5" [stack: 0x000000843a200000,0x000000843a300000] [id=20244]
  0x000001df2a458800 ConcurrentGCThread "G1 Main Marker" [stack: 0x0000008438e00000,0x0000008438f00000] [id=12892]
  0x000001df2a459800 ConcurrentGCThread "G1 Conc#0" [stack: 0x0000008438f00000,0x0000008439000000] [id=11668]
  0x000001df4707e800 ConcurrentGCThread "G1 Conc#1" [stack: 0x000000843af00000,0x000000843b000000] [id=16380]
  0x000001df4432e800 ConcurrentGCThread "G1 Refine#0" [stack: 0x0000008439000000,0x0000008439100000] [id=17448]
  0x000001df482ef000 ConcurrentGCThread "G1 Refine#1" [stack: 0x000000843b900000,0x000000843ba00000] [id=16464]
  0x000001df4432f800 ConcurrentGCThread "G1 Young RemSet Sampling" [stack: 0x0000008439100000,0x0000008439200000] [id=16712]

Threads with active compile tasks:
C2 CompilerThread01818205 16896       4       com.android.ide.common.blame.MergingLogPersistUtil::lambda$normalize$0 (107 bytes)
C2 CompilerThread11818205 16895       4       com.android.ide.common.blame.MergingLogPersistUtil$$Lambda$1357/0x0000000101037440::accept (12 bytes)

VM state:not at safepoint (normal execution)

VM Mutex/Monitor currently owned by a thread: None

Heap address: 0x0000000080000000, size: 2048 MB, Compressed Oops mode: 32-bit
Narrow klass base: 0x0000000000000000, Narrow klass shift: 3
Compressed class space size: 1073741824 Address: 0x0000000100000000

Heap:
 garbage-first heap   total 262144K, used 199575K [0x0000000080000000, 0x0000000100000000)
  region size 1024K, 7 young (7168K), 3 survivors (3072K)
 Metaspace       used 124402K, capacity 127505K, committed 127576K, reserved 1161216K
  class space    used 15615K, capacity 16728K, committed 16768K, reserved 1048576K
Heap Regions: E=young(eden), S=young(survivor), O=old, HS=humongous(starts), HC=humongous(continues), CS=collection set, F=free, A=archive, TAMS=top-at-mark-start (previous, next)
|   0|0x0000000080000000, 0x0000000080100000, 0x0000000080100000|100%| O|  |TAMS 0x0000000080100000, 0x0000000080000000| Untracked 
|   1|0x0000000080100000, 0x0000000080200000, 0x0000000080200000|100%| O|  |TAMS 0x0000000080200000, 0x0000000080100000| Untracked 
|   2|0x0000000080200000, 0x0000000080300000, 0x0000000080300000|100%| O|  |TAMS 0x0000000080300000, 0x0000000080200000| Untracked 
|   3|0x0000000080300000, 0x0000000080400000, 0x0000000080400000|100%|HS|  |TAMS 0x0000000080400000, 0x0000000080300000| Complete 
|   4|0x0000000080400000, 0x0000000080500000, 0x0000000080500000|100%|HC|  |TAMS 0x0000000080500000, 0x0000000080400000| Complete 
|   5|0x0000000080500000, 0x0000000080600000, 0x0000000080600000|100%|HC|  |TAMS 0x0000000080600000, 0x0000000080500000| Complete 
|   6|0x0000000080600000, 0x0000000080700000, 0x0000000080700000|100%| O|  |TAMS 0x0000000080700000, 0x0000000080600000| Untracked 
|   7|0x0000000080700000, 0x0000000080800000, 0x0000000080800000|100%| O|  |TAMS 0x0000000080800000, 0x0000000080700000| Untracked 
|   8|0x0000000080800000, 0x0000000080900000, 0x0000000080900000|100%| O|  |TAMS 0x0000000080900000, 0x0000000080800000| Untracked 
|   9|0x0000000080900000, 0x0000000080a00000, 0x0000000080a00000|100%| O|  |TAMS 0x0000000080a00000, 0x0000000080900000| Untracked 
|  10|0x0000000080a00000, 0x0000000080b00000, 0x0000000080b00000|100%| O|  |TAMS 0x0000000080b00000, 0x0000000080a00000| Untracked 
|  11|0x0000000080b00000, 0x0000000080c00000, 0x0000000080c00000|100%| O|  |TAMS 0x0000000080c00000, 0x0000000080b00000| Complete 
|  12|0x0000000080c00000, 0x0000000080d00000, 0x0000000080d00000|100%| O|  |TAMS 0x0000000080d00000, 0x0000000080c00000| Untracked 
|  13|0x0000000080d00000, 0x0000000080e00000, 0x0000000080e00000|100%| O|  |TAMS 0x0000000080e00000, 0x0000000080d00000| Untracked 
|  14|0x0000000080e00000, 0x0000000080f00000, 0x0000000080f00000|100%| O|  |TAMS 0x0000000080f00000, 0x0000000080e00000| Untracked 
|  15|0x0000000080f00000, 0x0000000081000000, 0x0000000081000000|100%| O|  |TAMS 0x0000000081000000, 0x0000000080f00000| Untracked 
|  16|0x0000000081000000, 0x0000000081100000, 0x0000000081100000|100%| O|  |TAMS 0x0000000081100000, 0x0000000081000000| Untracked 
|  17|0x0000000081100000, 0x0000000081200000, 0x0000000081200000|100%|HS|  |TAMS 0x0000000081200000, 0x0000000081100000| Complete 
|  18|0x0000000081200000, 0x0000000081300000, 0x0000000081300000|100%|HC|  |TAMS 0x0000000081300000, 0x0000000081200000| Complete 
|  19|0x0000000081300000, 0x0000000081400000, 0x0000000081400000|100%|HS|  |TAMS 0x0000000081400000, 0x0000000081300000| Complete 
|  20|0x0000000081400000, 0x0000000081500000, 0x0000000081500000|100%|HC|  |TAMS 0x0000000081500000, 0x0000000081400000| Complete 
|  21|0x0000000081500000, 0x0000000081600000, 0x0000000081600000|100%|HC|  |TAMS 0x0000000081600000, 0x0000000081500000| Complete 
|  22|0x0000000081600000, 0x0000000081700000, 0x0000000081700000|100%|HS|  |TAMS 0x0000000081700000, 0x0000000081600000| Complete 
|  23|0x0000000081700000, 0x0000000081800000, 0x0000000081800000|100%|HC|  |TAMS 0x0000000081800000, 0x0000000081700000| Complete 
|  24|0x0000000081800000, 0x0000000081900000, 0x0000000081900000|100%|HC|  |TAMS 0x0000000081900000, 0x0000000081800000| Complete 
|  25|0x0000000081900000, 0x0000000081a00000, 0x0000000081a00000|100%|HS|  |TAMS 0x0000000081a00000, 0x0000000081900000| Complete 
|  26|0x0000000081a00000, 0x0000000081b00000, 0x0000000081b00000|100%|HC|  |TAMS 0x0000000081b00000, 0x0000000081a00000| Complete 
|  27|0x0000000081b00000, 0x0000000081c00000, 0x0000000081c00000|100%|HC|  |TAMS 0x0000000081c00000, 0x0000000081b00000| Complete 
|  28|0x0000000081c00000, 0x0000000081d00000, 0x0000000081d00000|100%|HC|  |TAMS 0x0000000081d00000, 0x0000000081c00000| Complete 
|  29|0x0000000081d00000, 0x0000000081e00000, 0x0000000081e00000|100%|HS|  |TAMS 0x0000000081e00000, 0x0000000081d00000| Complete 
|  30|0x0000000081e00000, 0x0000000081f00000, 0x0000000081f00000|100%|HC|  |TAMS 0x0000000081f00000, 0x0000000081e00000| Complete 
|  31|0x0000000081f00000, 0x0000000082000000, 0x0000000082000000|100%|HC|  |TAMS 0x0000000082000000, 0x0000000081f00000| Complete 
|  32|0x0000000082000000, 0x0000000082100000, 0x0000000082100000|100%|HC|  |TAMS 0x0000000082100000, 0x0000000082000000| Complete 
|  33|0x0000000082100000, 0x0000000082200000, 0x0000000082200000|100%|HC|  |TAMS 0x0000000082200000, 0x0000000082100000| Complete 
|  34|0x0000000082200000, 0x0000000082300000, 0x0000000082300000|100%|HS|  |TAMS 0x0000000082300000, 0x0000000082200000| Complete 
|  35|0x0000000082300000, 0x0000000082400000, 0x0000000082400000|100%| O|  |TAMS 0x0000000082400000, 0x0000000082300000| Untracked 
|  36|0x0000000082400000, 0x0000000082500000, 0x0000000082500000|100%| O|  |TAMS 0x0000000082500000, 0x0000000082400000| Complete 
|  37|0x0000000082500000, 0x0000000082600000, 0x0000000082600000|100%| O|  |TAMS 0x0000000082600000, 0x0000000082500000| Untracked 
|  38|0x0000000082600000, 0x0000000082700000, 0x0000000082700000|100%|HS|  |TAMS 0x0000000082700000, 0x0000000082600000| Complete 
|  39|0x0000000082700000, 0x0000000082800000, 0x0000000082800000|100%|HC|  |TAMS 0x0000000082800000, 0x0000000082700000| Complete 
|  40|0x0000000082800000, 0x0000000082900000, 0x0000000082900000|100%|HC|  |TAMS 0x0000000082900000, 0x0000000082800000| Complete 
|  41|0x0000000082900000, 0x0000000082a00000, 0x0000000082a00000|100%|HC|  |TAMS 0x0000000082a00000, 0x0000000082900000| Complete 
|  42|0x0000000082a00000, 0x0000000082b00000, 0x0000000082b00000|100%|HS|  |TAMS 0x0000000082b00000, 0x0000000082a00000| Complete 
|  43|0x0000000082b00000, 0x0000000082c00000, 0x0000000082c00000|100%|HC|  |TAMS 0x0000000082c00000, 0x0000000082b00000| Complete 
|  44|0x0000000082c00000, 0x0000000082d00000, 0x0000000082d00000|100%|HC|  |TAMS 0x0000000082d00000, 0x0000000082c00000| Complete 
|  45|0x0000000082d00000, 0x0000000082e00000, 0x0000000082e00000|100%|HS|  |TAMS 0x0000000082e00000, 0x0000000082d00000| Complete 
|  46|0x0000000082e00000, 0x0000000082f00000, 0x0000000082f00000|100%|HC|  |TAMS 0x0000000082f00000, 0x0000000082e00000| Complete 
|  47|0x0000000082f00000, 0x0000000083000000, 0x0000000083000000|100%|HS|  |TAMS 0x0000000083000000, 0x0000000082f00000| Complete 
|  48|0x0000000083000000, 0x0000000083100000, 0x0000000083100000|100%|HC|  |TAMS 0x0000000083100000, 0x0000000083000000| Complete 
|  49|0x0000000083100000, 0x0000000083200000, 0x0000000083200000|100%|HC|  |TAMS 0x0000000083200000, 0x0000000083100000| Complete 
|  50|0x0000000083200000, 0x0000000083300000, 0x0000000083300000|100%| O|  |TAMS 0x0000000083300000, 0x0000000083200000| Complete 
|  51|0x0000000083300000, 0x0000000083400000, 0x0000000083400000|100%| O|  |TAMS 0x0000000083400000, 0x0000000083300000| Untracked 
|  52|0x0000000083400000, 0x0000000083500000, 0x0000000083500000|100%| O|  |TAMS 0x0000000083500000, 0x0000000083400000| Complete 
|  53|0x0000000083500000, 0x0000000083600000, 0x0000000083600000|100%| O|  |TAMS 0x0000000083600000, 0x0000000083500000| Untracked 
|  54|0x0000000083600000, 0x0000000083700000, 0x0000000083700000|100%| O|  |TAMS 0x0000000083700000, 0x0000000083600000| Complete 
|  55|0x0000000083700000, 0x0000000083800000, 0x0000000083800000|100%|HS|  |TAMS 0x0000000083800000, 0x0000000083700000| Complete 
|  56|0x0000000083800000, 0x0000000083900000, 0x0000000083900000|100%|HC|  |TAMS 0x0000000083900000, 0x0000000083800000| Complete 
|  57|0x0000000083900000, 0x0000000083a00000, 0x0000000083a00000|100%|HC|  |TAMS 0x0000000083a00000, 0x0000000083900000| Complete 
|  58|0x0000000083a00000, 0x0000000083b00000, 0x0000000083b00000|100%|HC|  |TAMS 0x0000000083b00000, 0x0000000083a00000| Complete 
|  59|0x0000000083b00000, 0x0000000083c00000, 0x0000000083c00000|100%|HC|  |TAMS 0x0000000083c00000, 0x0000000083b00000| Complete 
|  60|0x0000000083c00000, 0x0000000083d00000, 0x0000000083d00000|100%| O|  |TAMS 0x0000000083d00000, 0x0000000083c00000| Untracked 
|  61|0x0000000083d00000, 0x0000000083e00000, 0x0000000083e00000|100%| O|  |TAMS 0x0000000083e00000, 0x0000000083d00000| Complete 
|  62|0x0000000083e00000, 0x0000000083f00000, 0x0000000083f00000|100%| O|  |TAMS 0x0000000083f00000, 0x0000000083e00000| Complete 
|  63|0x0000000083f00000, 0x0000000084000000, 0x0000000084000000|100%|HS|  |TAMS 0x0000000084000000, 0x0000000083f00000| Complete 
|  64|0x0000000084000000, 0x0000000084100000, 0x0000000084100000|100%|HS|  |TAMS 0x0000000084100000, 0x0000000084000000| Complete 
|  65|0x0000000084100000, 0x0000000084200000, 0x0000000084200000|100%|HS|  |TAMS 0x0000000084200000, 0x0000000084100000| Complete 
|  66|0x0000000084200000, 0x0000000084300000, 0x0000000084300000|100%|HS|  |TAMS 0x0000000084300000, 0x0000000084200000| Complete 
|  67|0x0000000084300000, 0x0000000084400000, 0x0000000084400000|100%|HC|  |TAMS 0x0000000084400000, 0x0000000084300000| Complete 
|  68|0x0000000084400000, 0x0000000084500000, 0x0000000084500000|100%|HC|  |TAMS 0x0000000084500000, 0x0000000084400000| Complete 
|  69|0x0000000084500000, 0x0000000084600000, 0x0000000084600000|100%| O|  |TAMS 0x0000000084600000, 0x0000000084500000| Untracked 
|  70|0x0000000084600000, 0x0000000084700000, 0x0000000084700000|100%|HS|  |TAMS 0x0000000084700000, 0x0000000084600000| Complete 
|  71|0x0000000084700000, 0x0000000084800000, 0x0000000084800000|100%|HC|  |TAMS 0x0000000084800000, 0x0000000084700000| Complete 
|  72|0x0000000084800000, 0x0000000084900000, 0x0000000084900000|100%| O|  |TAMS 0x0000000084900000, 0x0000000084800000| Complete 
|  73|0x0000000084900000, 0x0000000084a00000, 0x0000000084a00000|100%| O|  |TAMS 0x0000000084a00000, 0x0000000084900000| Untracked 
|  74|0x0000000084a00000, 0x0000000084b00000, 0x0000000084b00000|100%| O|  |TAMS 0x0000000084b00000, 0x0000000084a00000| Complete 
|  75|0x0000000084b00000, 0x0000000084c00000, 0x0000000084c00000|100%| O|  |TAMS 0x0000000084c00000, 0x0000000084b00000| Untracked 
|  76|0x0000000084c00000, 0x0000000084d00000, 0x0000000084d00000|100%| O|  |TAMS 0x0000000084d00000, 0x0000000084c00000| Untracked 
|  77|0x0000000084d00000, 0x0000000084e00000, 0x0000000084e00000|100%| O|  |TAMS 0x0000000084e00000, 0x0000000084d00000| Untracked 
|  78|0x0000000084e00000, 0x0000000084f00000, 0x0000000084f00000|100%| O|  |TAMS 0x0000000084f00000, 0x0000000084e00000| Untracked 
|  79|0x0000000084f00000, 0x0000000085000000, 0x0000000085000000|100%| O|  |TAMS 0x0000000085000000, 0x0000000084f00000| Complete 
|  80|0x0000000085000000, 0x0000000085100000, 0x0000000085100000|100%| O|  |TAMS 0x0000000085100000, 0x0000000085000000| Complete 
|  81|0x0000000085100000, 0x0000000085200000, 0x0000000085200000|100%| O|  |TAMS 0x0000000085200000, 0x0000000085100000| Untracked 
|  82|0x0000000085200000, 0x0000000085300000, 0x0000000085300000|100%| O|  |TAMS 0x0000000085300000, 0x0000000085200000| Untracked 
|  83|0x0000000085300000, 0x0000000085400000, 0x0000000085400000|100%| O|  |TAMS 0x0000000085400000, 0x0000000085300000| Untracked 
|  84|0x0000000085400000, 0x0000000085500000, 0x0000000085500000|100%| O|  |TAMS 0x0000000085500000, 0x0000000085400000| Untracked 
|  85|0x0000000085500000, 0x0000000085500000, 0x0000000085600000|  0%| F|  |TAMS 0x0000000085500000, 0x0000000085500000| Untracked 
|  86|0x0000000085600000, 0x0000000085700000, 0x0000000085700000|100%| O|  |TAMS 0x0000000085700000, 0x0000000085600000| Complete 
|  87|0x0000000085700000, 0x0000000085800000, 0x0000000085800000|100%| O|  |TAMS 0x0000000085800000, 0x0000000085700000| Untracked 
|  88|0x0000000085800000, 0x0000000085900000, 0x0000000085900000|100%| O|  |TAMS 0x0000000085900000, 0x0000000085800000| Untracked 
|  89|0x0000000085900000, 0x0000000085a00000, 0x0000000085a00000|100%| O|  |TAMS 0x0000000085a00000, 0x0000000085900000| Untracked 
|  90|0x0000000085a00000, 0x0000000085b00000, 0x0000000085b00000|100%| O|  |TAMS 0x0000000085b00000, 0x0000000085a00000| Complete 
|  91|0x0000000085b00000, 0x0000000085c00000, 0x0000000085c00000|100%| O|  |TAMS 0x0000000085c00000, 0x0000000085b00000| Untracked 
|  92|0x0000000085c00000, 0x0000000085d00000, 0x0000000085d00000|100%| O|  |TAMS 0x0000000085d00000, 0x0000000085c00000| Untracked 
|  93|0x0000000085d00000, 0x0000000085e00000, 0x0000000085e00000|100%| O|  |TAMS 0x0000000085e00000, 0x0000000085d00000| Complete 
|  94|0x0000000085e00000, 0x0000000085f00000, 0x0000000085f00000|100%| O|  |TAMS 0x0000000085f00000, 0x0000000085e00000| Complete 
|  95|0x0000000085f00000, 0x0000000086000000, 0x0000000086000000|100%| O|  |TAMS 0x0000000086000000, 0x0000000085f00000| Untracked 
|  96|0x0000000086000000, 0x0000000086100000, 0x0000000086100000|100%| O|  |TAMS 0x0000000086100000, 0x0000000086000000| Complete 
|  97|0x0000000086100000, 0x0000000086200000, 0x0000000086200000|100%| O|  |TAMS 0x0000000086200000, 0x0000000086100000| Untracked 
|  98|0x0000000086200000, 0x0000000086300000, 0x0000000086300000|100%| O|  |TAMS 0x0000000086300000, 0x0000000086200000| Untracked 
|  99|0x0000000086300000, 0x0000000086400000, 0x0000000086400000|100%| O|  |TAMS 0x0000000086400000, 0x0000000086300000| Untracked 
| 100|0x0000000086400000, 0x0000000086500000, 0x0000000086500000|100%| O|  |TAMS 0x0000000086500000, 0x0000000086400000| Untracked 
| 101|0x0000000086500000, 0x0000000086600000, 0x0000000086600000|100%| O|  |TAMS 0x0000000086600000, 0x0000000086500000| Untracked 
| 102|0x0000000086600000, 0x0000000086700000, 0x0000000086700000|100%| O|  |TAMS 0x0000000086700000, 0x0000000086600000| Untracked 
| 103|0x0000000086700000, 0x0000000086800000, 0x0000000086800000|100%| O|  |TAMS 0x0000000086800000, 0x0000000086700000| Complete 
| 104|0x0000000086800000, 0x0000000086900000, 0x0000000086900000|100%|HS|  |TAMS 0x0000000086900000, 0x0000000086800000| Complete 
| 105|0x0000000086900000, 0x0000000086a00000, 0x0000000086a00000|100%|HC|  |TAMS 0x0000000086a00000, 0x0000000086900000| Complete 
| 106|0x0000000086a00000, 0x0000000086b00000, 0x0000000086b00000|100%|HS|  |TAMS 0x0000000086b00000, 0x0000000086a00000| Complete 
| 107|0x0000000086b00000, 0x0000000086c00000, 0x0000000086c00000|100%|HC|  |TAMS 0x0000000086c00000, 0x0000000086b00000| Complete 
| 108|0x0000000086c00000, 0x0000000086d00000, 0x0000000086d00000|100%|HC|  |TAMS 0x0000000086d00000, 0x0000000086c00000| Complete 
| 109|0x0000000086d00000, 0x0000000086e00000, 0x0000000086e00000|100%|HS|  |TAMS 0x0000000086e00000, 0x0000000086d00000| Complete 
| 110|0x0000000086e00000, 0x0000000086f00000, 0x0000000086f00000|100%|HC|  |TAMS 0x0000000086f00000, 0x0000000086e00000| Complete 
| 111|0x0000000086f00000, 0x0000000087000000, 0x0000000087000000|100%|HC|  |TAMS 0x0000000087000000, 0x0000000086f00000| Complete 
| 112|0x0000000087000000, 0x0000000087100000, 0x0000000087100000|100%|HS|  |TAMS 0x0000000087100000, 0x0000000087000000| Complete 
| 113|0x0000000087100000, 0x0000000087200000, 0x0000000087200000|100%|HC|  |TAMS 0x0000000087200000, 0x0000000087100000| Complete 
| 114|0x0000000087200000, 0x0000000087300000, 0x0000000087300000|100%|HC|  |TAMS 0x0000000087300000, 0x0000000087200000| Complete 
| 115|0x0000000087300000, 0x0000000087400000, 0x0000000087400000|100%|HC|  |TAMS 0x0000000087400000, 0x0000000087300000| Complete 
| 116|0x0000000087400000, 0x0000000087500000, 0x0000000087500000|100%|HS|  |TAMS 0x0000000087500000, 0x0000000087400000| Complete 
| 117|0x0000000087500000, 0x0000000087600000, 0x0000000087600000|100%|HC|  |TAMS 0x0000000087600000, 0x0000000087500000| Complete 
| 118|0x0000000087600000, 0x0000000087700000, 0x0000000087700000|100%|HC|  |TAMS 0x0000000087700000, 0x0000000087600000| Complete 
| 119|0x0000000087700000, 0x0000000087800000, 0x0000000087800000|100%|HC|  |TAMS 0x0000000087800000, 0x0000000087700000| Complete 
| 120|0x0000000087800000, 0x0000000087900000, 0x0000000087900000|100%|HC|  |TAMS 0x0000000087900000, 0x0000000087800000| Complete 
| 121|0x0000000087900000, 0x0000000087a00000, 0x0000000087a00000|100%|HS|  |TAMS 0x0000000087a00000, 0x0000000087900000| Complete 
| 122|0x0000000087a00000, 0x0000000087b00000, 0x0000000087b00000|100%| O|  |TAMS 0x0000000087b00000, 0x0000000087a00000| Untracked 
| 123|0x0000000087b00000, 0x0000000087c00000, 0x0000000087c00000|100%| O|  |TAMS 0x0000000087c00000, 0x0000000087b00000| Untracked 
| 124|0x0000000087c00000, 0x0000000087d00000, 0x0000000087d00000|100%| O|  |TAMS 0x0000000087d00000, 0x0000000087c00000| Untracked 
| 125|0x0000000087d00000, 0x0000000087e00000, 0x0000000087e00000|100%| O|  |TAMS 0x0000000087e00000, 0x0000000087d00000| Complete 
| 126|0x0000000087e00000, 0x0000000087f00000, 0x0000000087f00000|100%| O|  |TAMS 0x0000000087f00000, 0x0000000087e00000| Complete 
| 127|0x0000000087f00000, 0x0000000088000000, 0x0000000088000000|100%| O|  |TAMS 0x0000000088000000, 0x0000000087f00000| Complete 
| 128|0x0000000088000000, 0x0000000088100000, 0x0000000088100000|100%| O|  |TAMS 0x0000000088100000, 0x0000000088000000| Complete 
| 129|0x0000000088100000, 0x0000000088200000, 0x0000000088200000|100%| O|  |TAMS 0x0000000088200000, 0x0000000088100000| Complete 
| 130|0x0000000088200000, 0x0000000088300000, 0x0000000088300000|100%| O|  |TAMS 0x0000000088300000, 0x0000000088200000| Untracked 
| 131|0x0000000088300000, 0x0000000088400000, 0x0000000088400000|100%| O|  |TAMS 0x0000000088400000, 0x0000000088300000| Complete 
| 132|0x0000000088400000, 0x0000000088500000, 0x0000000088500000|100%| O|  |TAMS 0x0000000088500000, 0x0000000088400000| Complete 
| 133|0x0000000088500000, 0x0000000088600000, 0x0000000088600000|100%| O|  |TAMS 0x0000000088600000, 0x0000000088500000| Complete 
| 134|0x0000000088600000, 0x0000000088700000, 0x0000000088700000|100%| O|  |TAMS 0x0000000088700000, 0x0000000088600000| Complete 
| 135|0x0000000088700000, 0x0000000088800000, 0x0000000088800000|100%| O|  |TAMS 0x0000000088800000, 0x0000000088700000| Untracked 
| 136|0x0000000088800000, 0x0000000088900000, 0x0000000088900000|100%| O|  |TAMS 0x0000000088900000, 0x0000000088800000| Complete 
| 137|0x0000000088900000, 0x0000000088a00000, 0x0000000088a00000|100%| O|  |TAMS 0x0000000088a00000, 0x0000000088900000| Complete 
| 138|0x0000000088a00000, 0x0000000088a00000, 0x0000000088b00000|  0%| F|  |TAMS 0x0000000088a00000, 0x0000000088a00000| Untracked 
| 139|0x0000000088b00000, 0x0000000088c00000, 0x0000000088c00000|100%| O|  |TAMS 0x0000000088c00000, 0x0000000088b00000| Complete 
| 140|0x0000000088c00000, 0x0000000088d00000, 0x0000000088d00000|100%| O|  |TAMS 0x0000000088d00000, 0x0000000088c00000| Untracked 
| 141|0x0000000088d00000, 0x0000000088e00000, 0x0000000088e00000|100%| O|  |TAMS 0x0000000088e00000, 0x0000000088d00000| Untracked 
| 142|0x0000000088e00000, 0x0000000088f00000, 0x0000000088f00000|100%| O|  |TAMS 0x0000000088f00000, 0x0000000088e00000| Complete 
| 143|0x0000000088f00000, 0x0000000089000000, 0x0000000089000000|100%| O|  |TAMS 0x0000000089000000, 0x0000000088f00000| Complete 
| 144|0x0000000089000000, 0x0000000089100000, 0x0000000089100000|100%| O|  |TAMS 0x0000000089100000, 0x0000000089000000| Complete 
| 145|0x0000000089100000, 0x0000000089200000, 0x0000000089200000|100%| O|  |TAMS 0x0000000089200000, 0x0000000089100000| Complete 
| 146|0x0000000089200000, 0x0000000089300000, 0x0000000089300000|100%| O|  |TAMS 0x0000000089300000, 0x0000000089200000| Complete 
| 147|0x0000000089300000, 0x0000000089400000, 0x0000000089400000|100%| O|  |TAMS 0x0000000089400000, 0x0000000089300000| Complete 
| 148|0x0000000089400000, 0x0000000089500000, 0x0000000089500000|100%| O|  |TAMS 0x0000000089500000, 0x0000000089400000| Complete 
| 149|0x0000000089500000, 0x0000000089600000, 0x0000000089600000|100%| O|  |TAMS 0x0000000089600000, 0x0000000089500000| Complete 
| 150|0x0000000089600000, 0x0000000089700000, 0x0000000089700000|100%| O|  |TAMS 0x0000000089700000, 0x0000000089600000| Complete 
| 151|0x0000000089700000, 0x0000000089800000, 0x0000000089800000|100%| O|  |TAMS 0x0000000089800000, 0x0000000089700000| Complete 
| 152|0x0000000089800000, 0x0000000089900000, 0x0000000089900000|100%| O|  |TAMS 0x0000000089900000, 0x0000000089800000| Complete 
| 153|0x0000000089900000, 0x0000000089a00000, 0x0000000089a00000|100%| O|  |TAMS 0x0000000089a00000, 0x0000000089900000| Complete 
| 154|0x0000000089a00000, 0x0000000089b00000, 0x0000000089b00000|100%| O|  |TAMS 0x0000000089a00000, 0x0000000089a00000| Untracked 
| 155|0x0000000089b00000, 0x0000000089c00000, 0x0000000089c00000|100%| O|  |TAMS 0x0000000089c00000, 0x0000000089b00000| Untracked 
| 156|0x0000000089c00000, 0x0000000089d00000, 0x0000000089d00000|100%| O|  |TAMS 0x0000000089d00000, 0x0000000089c00000| Complete 
| 157|0x0000000089d00000, 0x0000000089e00000, 0x0000000089e00000|100%| O|  |TAMS 0x0000000089e00000, 0x0000000089d00000| Untracked 
| 158|0x0000000089e00000, 0x0000000089f00000, 0x0000000089f00000|100%| O|  |TAMS 0x0000000089f00000, 0x0000000089e00000| Complete 
| 159|0x0000000089f00000, 0x000000008a000000, 0x000000008a000000|100%| O|  |TAMS 0x000000008a000000, 0x0000000089f00000| Untracked 
| 160|0x000000008a000000, 0x000000008a100000, 0x000000008a100000|100%| O|  |TAMS 0x000000008a100000, 0x000000008a000000| Untracked 
| 161|0x000000008a100000, 0x000000008a200000, 0x000000008a200000|100%| O|  |TAMS 0x000000008a200000, 0x000000008a100000| Untracked 
| 162|0x000000008a200000, 0x000000008a300000, 0x000000008a300000|100%| O|  |TAMS 0x000000008a300000, 0x000000008a200000| Untracked 
| 163|0x000000008a300000, 0x000000008a400000, 0x000000008a400000|100%| O|  |TAMS 0x000000008a400000, 0x000000008a300000| Untracked 
| 164|0x000000008a400000, 0x000000008a500000, 0x000000008a500000|100%| O|  |TAMS 0x000000008a500000, 0x000000008a400000| Untracked 
| 165|0x000000008a500000, 0x000000008a600000, 0x000000008a600000|100%| O|  |TAMS 0x000000008a600000, 0x000000008a500000| Complete 
| 166|0x000000008a600000, 0x000000008a700000, 0x000000008a700000|100%| O|  |TAMS 0x000000008a700000, 0x000000008a600000| Complete 
| 167|0x000000008a700000, 0x000000008a800000, 0x000000008a800000|100%| O|  |TAMS 0x000000008a800000, 0x000000008a700000| Untracked 
| 168|0x000000008a800000, 0x000000008a900000, 0x000000008a900000|100%| O|  |TAMS 0x000000008a900000, 0x000000008a800000| Untracked 
| 169|0x000000008a900000, 0x000000008aa00000, 0x000000008aa00000|100%|HS|  |TAMS 0x000000008aa00000, 0x000000008a900000| Complete 
| 170|0x000000008aa00000, 0x000000008ab00000, 0x000000008ab00000|100%| O|  |TAMS 0x000000008ab00000, 0x000000008aa00000| Untracked 
| 171|0x000000008ab00000, 0x000000008ac00000, 0x000000008ac00000|100%| O|  |TAMS 0x000000008ac00000, 0x000000008ab00000| Untracked 
| 172|0x000000008ac00000, 0x000000008ad00000, 0x000000008ad00000|100%| O|  |TAMS 0x000000008ad00000, 0x000000008ac00000| Untracked 
| 173|0x000000008ad00000, 0x000000008ae00000, 0x000000008ae00000|100%| O|  |TAMS 0x000000008ae00000, 0x000000008ad00000| Untracked 
| 174|0x000000008ae00000, 0x000000008af00000, 0x000000008af00000|100%| O|  |TAMS 0x000000008af00000, 0x000000008ae00000| Untracked 
| 175|0x000000008af00000, 0x000000008b000000, 0x000000008b000000|100%| O|  |TAMS 0x000000008b000000, 0x000000008af00000| Untracked 
| 176|0x000000008b000000, 0x000000008b100000, 0x000000008b100000|100%| O|  |TAMS 0x000000008b100000, 0x000000008b000000| Untracked 
| 177|0x000000008b100000, 0x000000008b200000, 0x000000008b200000|100%| O|  |TAMS 0x000000008b200000, 0x000000008b100000| Untracked 
| 178|0x000000008b200000, 0x000000008b300000, 0x000000008b300000|100%| O|  |TAMS 0x000000008b300000, 0x000000008b200000| Untracked 
| 179|0x000000008b300000, 0x000000008b400000, 0x000000008b400000|100%| O|  |TAMS 0x000000008b400000, 0x000000008b300000| Untracked 
| 180|0x000000008b400000, 0x000000008b500000, 0x000000008b500000|100%| O|  |TAMS 0x000000008b500000, 0x000000008b400000| Untracked 
| 181|0x000000008b500000, 0x000000008b600000, 0x000000008b600000|100%| O|  |TAMS 0x000000008b600000, 0x000000008b500000| Untracked 
| 182|0x000000008b600000, 0x000000008b700000, 0x000000008b700000|100%| O|  |TAMS 0x000000008b700000, 0x000000008b600000| Complete 
| 183|0x000000008b700000, 0x000000008b800000, 0x000000008b800000|100%| O|  |TAMS 0x000000008b800000, 0x000000008b700000| Complete 
| 184|0x000000008b800000, 0x000000008b900000, 0x000000008b900000|100%| O|  |TAMS 0x000000008b900000, 0x000000008b800000| Untracked 
| 185|0x000000008b900000, 0x000000008ba00000, 0x000000008ba00000|100%| O|  |TAMS 0x000000008ba00000, 0x000000008b900000| Untracked 
| 186|0x000000008ba00000, 0x000000008bb00000, 0x000000008bb00000|100%| O|  |TAMS 0x000000008bb00000, 0x000000008ba00000| Untracked 
| 187|0x000000008bb00000, 0x000000008bc00000, 0x000000008bc00000|100%| O|  |TAMS 0x000000008bc00000, 0x000000008bb00000| Untracked 
| 188|0x000000008bc00000, 0x000000008bd00000, 0x000000008bd00000|100%| O|  |TAMS 0x000000008bd00000, 0x000000008bc00000| Complete 
| 189|0x000000008bd00000, 0x000000008be00000, 0x000000008be00000|100%| O|  |TAMS 0x000000008bd5ce00, 0x000000008bd00000| Untracked 
| 190|0x000000008be00000, 0x000000008be00000, 0x000000008bf00000|  0%| F|  |TAMS 0x000000008be00000, 0x000000008be00000| Untracked 
| 191|0x000000008bf00000, 0x000000008bf00000, 0x000000008c000000|  0%| F|  |TAMS 0x000000008bf00000, 0x000000008bf00000| Untracked 
| 192|0x000000008c000000, 0x000000008c000000, 0x000000008c100000|  0%| F|  |TAMS 0x000000008c000000, 0x000000008c000000| Untracked 
| 193|0x000000008c100000, 0x000000008c100000, 0x000000008c200000|  0%| F|  |TAMS 0x000000008c100000, 0x000000008c100000| Untracked 
| 194|0x000000008c200000, 0x000000008c200000, 0x000000008c300000|  0%| F|  |TAMS 0x000000008c200000, 0x000000008c200000| Untracked 
| 195|0x000000008c300000, 0x000000008c300000, 0x000000008c400000|  0%| F|  |TAMS 0x000000008c300000, 0x000000008c300000| Untracked 
| 196|0x000000008c400000, 0x000000008c4e5c00, 0x000000008c500000| 89%| O|  |TAMS 0x000000008c400000, 0x000000008c400000| Untracked 
| 197|0x000000008c500000, 0x000000008c500000, 0x000000008c600000|  0%| F|  |TAMS 0x000000008c500000, 0x000000008c500000| Untracked 
| 198|0x000000008c600000, 0x000000008c600000, 0x000000008c700000|  0%| F|  |TAMS 0x000000008c600000, 0x000000008c600000| Untracked 
| 199|0x000000008c700000, 0x000000008c700000, 0x000000008c800000|  0%| F|  |TAMS 0x000000008c700000, 0x000000008c700000| Untracked 
| 200|0x000000008c800000, 0x000000008c800000, 0x000000008c900000|  0%| F|  |TAMS 0x000000008c800000, 0x000000008c800000| Untracked 
| 201|0x000000008c900000, 0x000000008c900000, 0x000000008ca00000|  0%| F|  |TAMS 0x000000008c900000, 0x000000008c900000| Untracked 
| 202|0x000000008ca00000, 0x000000008ca00000, 0x000000008cb00000|  0%| F|  |TAMS 0x000000008ca00000, 0x000000008ca00000| Untracked 
| 203|0x000000008cb00000, 0x000000008cb00000, 0x000000008cc00000|  0%| F|  |TAMS 0x000000008cb00000, 0x000000008cb00000| Untracked 
| 204|0x000000008cc00000, 0x000000008cc00000, 0x000000008cd00000|  0%| F|  |TAMS 0x000000008cc00000, 0x000000008cc00000| Untracked 
| 205|0x000000008cd00000, 0x000000008cd00000, 0x000000008ce00000|  0%| F|  |TAMS 0x000000008cd00000, 0x000000008cd00000| Untracked 
| 206|0x000000008ce00000, 0x000000008ce00000, 0x000000008cf00000|  0%| F|  |TAMS 0x000000008ce00000, 0x000000008ce00000| Untracked 
| 207|0x000000008cf00000, 0x000000008cf00000, 0x000000008d000000|  0%| F|  |TAMS 0x000000008cf00000, 0x000000008cf00000| Untracked 
| 208|0x000000008d000000, 0x000000008d000000, 0x000000008d100000|  0%| F|  |TAMS 0x000000008d000000, 0x000000008d000000| Untracked 
| 209|0x000000008d100000, 0x000000008d100000, 0x000000008d200000|  0%| F|  |TAMS 0x000000008d100000, 0x000000008d100000| Untracked 
| 210|0x000000008d200000, 0x000000008d200000, 0x000000008d300000|  0%| F|  |TAMS 0x000000008d200000, 0x000000008d200000| Untracked 
| 211|0x000000008d300000, 0x000000008d300000, 0x000000008d400000|  0%| F|  |TAMS 0x000000008d300000, 0x000000008d300000| Untracked 
| 212|0x000000008d400000, 0x000000008d400000, 0x000000008d500000|  0%| F|  |TAMS 0x000000008d400000, 0x000000008d400000| Untracked 
| 213|0x000000008d500000, 0x000000008d500000, 0x000000008d600000|  0%| F|  |TAMS 0x000000008d500000, 0x000000008d500000| Untracked 
| 214|0x000000008d600000, 0x000000008d600000, 0x000000008d700000|  0%| F|  |TAMS 0x000000008d600000, 0x000000008d600000| Untracked 
| 215|0x000000008d700000, 0x000000008d700000, 0x000000008d800000|  0%| F|  |TAMS 0x000000008d700000, 0x000000008d700000| Untracked 
| 216|0x000000008d800000, 0x000000008d800000, 0x000000008d900000|  0%| F|  |TAMS 0x000000008d800000, 0x000000008d800000| Untracked 
| 217|0x000000008d900000, 0x000000008d900000, 0x000000008da00000|  0%| F|  |TAMS 0x000000008d900000, 0x000000008d900000| Untracked 
| 218|0x000000008da00000, 0x000000008da00000, 0x000000008db00000|  0%| F|  |TAMS 0x000000008da00000, 0x000000008da00000| Untracked 
| 219|0x000000008db00000, 0x000000008db00000, 0x000000008dc00000|  0%| F|  |TAMS 0x000000008db00000, 0x000000008db00000| Untracked 
| 220|0x000000008dc00000, 0x000000008dc00000, 0x000000008dd00000|  0%| F|  |TAMS 0x000000008dc00000, 0x000000008dc00000| Untracked 
| 221|0x000000008dd00000, 0x000000008dd00000, 0x000000008de00000|  0%| F|  |TAMS 0x000000008dd00000, 0x000000008dd00000| Untracked 
| 222|0x000000008de00000, 0x000000008de00000, 0x000000008df00000|  0%| F|  |TAMS 0x000000008de00000, 0x000000008de00000| Untracked 
| 223|0x000000008df00000, 0x000000008df00000, 0x000000008e000000|  0%| F|  |TAMS 0x000000008df00000, 0x000000008df00000| Untracked 
| 224|0x000000008e000000, 0x000000008e000000, 0x000000008e100000|  0%| F|  |TAMS 0x000000008e000000, 0x000000008e000000| Untracked 
| 225|0x000000008e100000, 0x000000008e100000, 0x000000008e200000|  0%| F|  |TAMS 0x000000008e100000, 0x000000008e100000| Untracked 
| 226|0x000000008e200000, 0x000000008e200000, 0x000000008e300000|  0%| F|  |TAMS 0x000000008e200000, 0x000000008e200000| Untracked 
| 227|0x000000008e300000, 0x000000008e300000, 0x000000008e400000|  0%| F|  |TAMS 0x000000008e300000, 0x000000008e300000| Untracked 
| 228|0x000000008e400000, 0x000000008e400000, 0x000000008e500000|  0%| F|  |TAMS 0x000000008e400000, 0x000000008e400000| Untracked 
| 229|0x000000008e500000, 0x000000008e600000, 0x000000008e600000|100%| S|CS|TAMS 0x000000008e500000, 0x000000008e500000| Complete 
| 230|0x000000008e600000, 0x000000008e700000, 0x000000008e700000|100%| S|CS|TAMS 0x000000008e600000, 0x000000008e600000| Complete 
| 231|0x000000008e700000, 0x000000008e800000, 0x000000008e800000|100%| S|CS|TAMS 0x000000008e700000, 0x000000008e700000| Complete 
| 232|0x000000008e800000, 0x000000008e800000, 0x000000008e900000|  0%| F|  |TAMS 0x000000008e800000, 0x000000008e800000| Untracked 
| 233|0x000000008e900000, 0x000000008e900000, 0x000000008ea00000|  0%| F|  |TAMS 0x000000008e900000, 0x000000008e900000| Untracked 
| 234|0x000000008ea00000, 0x000000008ea00000, 0x000000008eb00000|  0%| F|  |TAMS 0x000000008ea00000, 0x000000008ea00000| Untracked 
| 235|0x000000008eb00000, 0x000000008eb00000, 0x000000008ec00000|  0%| F|  |TAMS 0x000000008eb00000, 0x000000008eb00000| Untracked 
| 236|0x000000008ec00000, 0x000000008ec00000, 0x000000008ed00000|  0%| F|  |TAMS 0x000000008ec00000, 0x000000008ec00000| Untracked 
| 237|0x000000008ed00000, 0x000000008ed00000, 0x000000008ee00000|  0%| F|  |TAMS 0x000000008ed00000, 0x000000008ed00000| Untracked 
| 238|0x000000008ee00000, 0x000000008ee00000, 0x000000008ef00000|  0%| F|  |TAMS 0x000000008ee00000, 0x000000008ee00000| Untracked 
| 239|0x000000008ef00000, 0x000000008ef00000, 0x000000008f000000|  0%| F|  |TAMS 0x000000008ef00000, 0x000000008ef00000| Untracked 
| 240|0x000000008f000000, 0x000000008f000000, 0x000000008f100000|  0%| F|  |TAMS 0x000000008f000000, 0x000000008f000000| Untracked 
| 241|0x000000008f100000, 0x000000008f100000, 0x000000008f200000|  0%| F|  |TAMS 0x000000008f100000, 0x000000008f100000| Untracked 
| 242|0x000000008f200000, 0x000000008f200000, 0x000000008f300000|  0%| F|  |TAMS 0x000000008f200000, 0x000000008f200000| Untracked 
| 243|0x000000008f300000, 0x000000008f300000, 0x000000008f400000|  0%| F|  |TAMS 0x000000008f300000, 0x000000008f300000| Untracked 
| 244|0x000000008f400000, 0x000000008f400000, 0x000000008f500000|  0%| F|  |TAMS 0x000000008f400000, 0x000000008f400000| Untracked 
| 245|0x000000008f500000, 0x000000008f500000, 0x000000008f600000|  0%| F|  |TAMS 0x000000008f500000, 0x000000008f500000| Untracked 
| 246|0x000000008f600000, 0x000000008f600000, 0x000000008f700000|  0%| F|  |TAMS 0x000000008f600000, 0x000000008f600000| Untracked 
| 247|0x000000008f700000, 0x000000008f700000, 0x000000008f800000|  0%| F|  |TAMS 0x000000008f700000, 0x000000008f700000| Untracked 
| 248|0x000000008f800000, 0x000000008f800000, 0x000000008f900000|  0%| F|  |TAMS 0x000000008f800000, 0x000000008f800000| Untracked 
| 249|0x000000008f900000, 0x000000008f900000, 0x000000008fa00000|  0%| F|  |TAMS 0x000000008f900000, 0x000000008f900000| Untracked 
| 250|0x000000008fa00000, 0x000000008fa00000, 0x000000008fb00000|  0%| F|  |TAMS 0x000000008fa00000, 0x000000008fa00000| Untracked 
| 251|0x000000008fb00000, 0x000000008fb00000, 0x000000008fc00000|  0%| F|  |TAMS 0x000000008fb00000, 0x000000008fb00000| Untracked 
| 252|0x000000008fc00000, 0x000000008fca6ac8, 0x000000008fd00000| 65%| E|  |TAMS 0x000000008fc00000, 0x000000008fc00000| Complete 
| 253|0x000000008fd00000, 0x000000008fe00000, 0x000000008fe00000|100%| E|CS|TAMS 0x000000008fd00000, 0x000000008fd00000| Complete 
| 254|0x000000008fe00000, 0x000000008ff00000, 0x000000008ff00000|100%| E|CS|TAMS 0x000000008fe00000, 0x000000008fe00000| Complete 
| 255|0x000000008ff00000, 0x0000000090000000, 0x0000000090000000|100%| E|CS|TAMS 0x000000008ff00000, 0x000000008ff00000| Complete 

Card table byte_map: [0x000001df3d440000,0x000001df3d840000] _byte_map_base: 0x000001df3d040000

Marking Bits (Prev, Next): (CMBitMap*) 0x000001df2a44fb20, (CMBitMap*) 0x000001df2a44fae8
 Prev Bits: [0x000001df3fc40000, 0x000001df41c40000)
 Next Bits: [0x000001df3dc40000, 0x000001df3fc40000)

Polling page: 0x000001df28380000

Metaspace:

Usage:
  Non-class:    108.18 MB capacity,   106.24 MB ( 98%) used,     1.60 MB (  1%) free+waste,   352.63 KB ( <1%) overhead. 
      Class:     16.34 MB capacity,    15.25 MB ( 93%) used,   956.57 KB (  6%) free+waste,   155.63 KB ( <1%) overhead. 
       Both:    124.52 MB capacity,   121.49 MB ( 98%) used,     2.53 MB (  2%) free+waste,   508.25 KB ( <1%) overhead. 

Virtual space:
  Non-class space:      110.00 MB reserved,     108.21 MB ( 98%) committed 
      Class space:        1.00 GB reserved,      16.38 MB (  2%) committed 
             Both:        1.11 GB reserved,     124.59 MB ( 11%) committed 

Chunk freelists:
   Non-Class:  31.00 KB
       Class:  8.00 KB
        Both:  39.00 KB

MaxMetaspaceSize: 17179869184.00 GB
CompressedClassSpaceSize: 1.00 GB
Initial GC threshold: 20.80 MB
Current GC threshold: 207.64 MB
CDS: off

CodeHeap 'non-profiled nmethods': size=120064Kb used=10491Kb max_used=10491Kb free=109573Kb
 bounds [0x000001df359f0000, 0x000001df36430000, 0x000001df3cf30000]
CodeHeap 'profiled nmethods': size=120000Kb used=37232Kb max_used=37232Kb free=82767Kb
 bounds [0x000001df2e4c0000, 0x000001df30920000, 0x000001df359f0000]
CodeHeap 'non-nmethods': size=5696Kb used=2476Kb max_used=2539Kb free=3219Kb
 bounds [0x000001df2df30000, 0x000001df2e1c0000, 0x000001df2e4c0000]
 total_blobs=17777 nmethods=16766 adapters=922
 compilation: enabled
              stopped_count=0, restarted_count=0
 full_count=0

Compilation events (20 events):
Event: 1818.077 Thread 0x000001df44d4f000 16889       3       org.gradle.internal.watch.vfs.impl.LocationsWrittenByCurrentBuild::wasLocationWritten (15 bytes)
Event: 1818.077 Thread 0x000001df44d4f000 nmethod 16889 0x000001df3090fa10 code [0x000001df3090fbe0, 0x000001df3090fea8]
Event: 1818.077 Thread 0x000001df44d4f000 16890       3       org.gradle.internal.watch.registry.impl.DefaultFileWatcherProbeRegistry::triggerWatchProbe (37 bytes)
Event: 1818.078 Thread 0x000001df44d4f000 nmethod 16890 0x000001df3090ff90 code [0x000001df30910200, 0x000001df30910c78]
Event: 1818.078 Thread 0x000001df44d4f000 16892       3       org.gradle.internal.watch.registry.impl.DefaultFileWatcherRegistry::convertType (64 bytes)
Event: 1818.078 Thread 0x000001df44d4f000 nmethod 16892 0x000001df30911010 code [0x000001df309111e0, 0x000001df309114c8]
Event: 1818.078 Thread 0x000001df44d4f000 16893   !   3       org.gradle.internal.watch.vfs.impl.WatchingVirtualFileSystem$3::handleChange (63 bytes)
Event: 1818.079 Thread 0x000001df48da7000 nmethod 16888 0x000001df3642a110 code [0x000001df3642a2c0, 0x000001df3642a6a8]
Event: 1818.079 Thread 0x000001df48da7000 16891   !   4       java.io.BufferedWriter::write (117 bytes)
Event: 1818.079 Thread 0x000001df44d4f000 nmethod 16893 0x000001df30911610 code [0x000001df30911960, 0x000001df30912d68]
Event: 1818.089 Thread 0x000001df44d4f000 16894       3       com.google.gson.stream.JsonWriter::endObject (9 bytes)
Event: 1818.089 Thread 0x000001df44d4f000 nmethod 16894 0x000001df30913790 code [0x000001df30913940, 0x000001df30913a88]
Event: 1818.090 Thread 0x000001df48da7000 nmethod 16891 0x000001df3642a890 code [0x000001df3642aa60, 0x000001df3642b328]
Event: 1818.092 Thread 0x000001df44d49800 nmethod 16876 0x000001df3642b890 code [0x000001df3642bb00, 0x000001df3642dbf0]
Event: 1818.095 Thread 0x000001df48da7000 16895       4       com.android.ide.common.blame.MergingLogPersistUtil$$Lambda$1357/0x0000000101037440::accept (12 bytes)
Event: 1818.104 Thread 0x000001df44d49800 16896       4       com.android.ide.common.blame.MergingLogPersistUtil::lambda$normalize$0 (107 bytes)
Event: 1818.128 Thread 0x000001df44d4f000 16897       3       com.android.ide.common.blame.MergingLogPersistUtil$SourcePositionsSerializer$JsonTypeAdapter::write (192 bytes)
Event: 1818.130 Thread 0x000001df44d4f000 nmethod 16897 0x000001df30913b10 code [0x000001df30914100, 0x000001df309171d8]
Event: 1818.135 Thread 0x000001df44d4f000 16898       3       com.android.ide.common.blame.MergingLogPersistUtil$SourcePositionsSerializer::<init> (76 bytes)
Event: 1818.136 Thread 0x000001df44d4f000 nmethod 16898 0x000001df30918110 code [0x000001df30918380, 0x000001df30918d78]

GC Heap History (20 events):
Event: 15.019 GC heap before
{Heap before GC invocations=21 (full 0):
 garbage-first heap   total 262144K, used 219703K [0x0000000080000000, 0x0000000100000000)
  region size 1024K, 76 young (77824K), 10 survivors (10240K)
 Metaspace       used 109055K, capacity 111649K, committed 111960K, reserved 1146880K
  class space    used 13951K, capacity 14914K, committed 14976K, reserved 1048576K
}
Event: 15.027 GC heap after
{Heap after GC invocations=22 (full 0):
 garbage-first heap   total 262144K, used 157388K [0x0000000080000000, 0x0000000100000000)
  region size 1024K, 5 young (5120K), 5 survivors (5120K)
 Metaspace       used 109055K, capacity 111649K, committed 111960K, reserved 1146880K
  class space    used 13951K, capacity 14914K, committed 14976K, reserved 1048576K
}
Event: 15.833 GC heap before
{Heap before GC invocations=22 (full 0):
 garbage-first heap   total 262144K, used 221900K [0x0000000080000000, 0x0000000100000000)
  region size 1024K, 68 young (69632K), 5 survivors (5120K)
 Metaspace       used 112651K, capacity 115362K, committed 115544K, reserved 1148928K
  class space    used 14387K, capacity 15417K, committed 15488K, reserved 1048576K
}
Event: 15.839 GC heap after
{Heap after GC invocations=23 (full 0):
 garbage-first heap   total 262144K, used 158952K [0x0000000080000000, 0x0000000100000000)
  region size 1024K, 7 young (7168K), 7 survivors (7168K)
 Metaspace       used 112651K, capacity 115362K, committed 115544K, reserved 1148928K
  class space    used 14387K, capacity 15417K, committed 15488K, reserved 1048576K
}
Event: 16.388 GC heap before
{Heap before GC invocations=24 (full 0):
 garbage-first heap   total 262144K, used 223464K [0x0000000080000000, 0x0000000100000000)
  region size 1024K, 70 young (71680K), 7 survivors (7168K)
 Metaspace       used 116562K, capacity 119313K, committed 119512K, reserved 1153024K
  class space    used 14845K, capacity 15851K, committed 15872K, reserved 1048576K
}
Event: 16.394 GC heap after
{Heap after GC invocations=25 (full 0):
 garbage-first heap   total 262144K, used 162672K [0x0000000080000000, 0x0000000100000000)
  region size 1024K, 7 young (7168K), 7 survivors (7168K)
 Metaspace       used 116562K, capacity 119313K, committed 119512K, reserved 1153024K
  class space    used 14845K, capacity 15851K, committed 15872K, reserved 1048576K
}
Event: 1812.176 GC heap before
{Heap before GC invocations=25 (full 0):
 garbage-first heap   total 262144K, used 222064K [0x0000000080000000, 0x0000000100000000)
  region size 1024K, 66 young (67584K), 7 survivors (7168K)
 Metaspace       used 118009K, capacity 120936K, committed 121048K, reserved 1155072K
  class space    used 14988K, capacity 16035K, committed 16128K, reserved 1048576K
}
Event: 1812.197 GC heap after
{Heap after GC invocations=26 (full 0):
 garbage-first heap   total 262144K, used 164163K [0x0000000080000000, 0x0000000100000000)
  region size 1024K, 6 young (6144K), 6 survivors (6144K)
 Metaspace       used 118009K, capacity 120936K, committed 121048K, reserved 1155072K
  class space    used 14988K, capacity 16035K, committed 16128K, reserved 1048576K
}
Event: 1813.916 GC heap before
{Heap before GC invocations=27 (full 0):
 garbage-first heap   total 262144K, used 224579K [0x0000000080000000, 0x0000000100000000)
  region size 1024K, 66 young (67584K), 6 survivors (6144K)
 Metaspace       used 120674K, capacity 123741K, committed 123864K, reserved 1157120K
  class space    used 15229K, capacity 16332K, committed 16384K, reserved 1048576K
}
Event: 1813.928 GC heap after
{Heap after GC invocations=28 (full 0):
 garbage-first heap   total 262144K, used 171023K [0x0000000080000000, 0x0000000100000000)
  region size 1024K, 9 young (9216K), 9 survivors (9216K)
 Metaspace       used 120674K, capacity 123741K, committed 123864K, reserved 1157120K
  class space    used 15229K, capacity 16332K, committed 16384K, reserved 1048576K
}
Event: 1815.358 GC heap before
{Heap before GC invocations=28 (full 0):
 garbage-first heap   total 262144K, used 222223K [0x0000000080000000, 0x0000000100000000)
  region size 1024K, 60 young (61440K), 9 survivors (9216K)
 Metaspace       used 123671K, capacity 126828K, committed 127064K, reserved 1159168K
  class space    used 15582K, capacity 16695K, committed 16768K, reserved 1048576K
}
Event: 1815.367 GC heap after
{Heap after GC invocations=29 (full 0):
 garbage-first heap   total 262144K, used 173632K [0x0000000080000000, 0x0000000100000000)
  region size 1024K, 3 young (3072K), 3 survivors (3072K)
 Metaspace       used 123671K, capacity 126828K, committed 127064K, reserved 1159168K
  class space    used 15582K, capacity 16695K, committed 16768K, reserved 1048576K
}
Event: 1816.204 GC heap before
{Heap before GC invocations=30 (full 0):
 garbage-first heap   total 262144K, used 226880K [0x0000000080000000, 0x0000000100000000)
  region size 1024K, 53 young (54272K), 3 survivors (3072K)
 Metaspace       used 123935K, capacity 127020K, committed 127320K, reserved 1159168K
  class space    used 15582K, capacity 16695K, committed 16768K, reserved 1048576K
}
Event: 1816.224 GC heap after
{Heap after GC invocations=31 (full 0):
 garbage-first heap   total 262144K, used 191704K [0x0000000080000000, 0x0000000100000000)
  region size 1024K, 7 young (7168K), 7 survivors (7168K)
 Metaspace       used 123935K, capacity 127020K, committed 127320K, reserved 1159168K
  class space    used 15582K, capacity 16695K, committed 16768K, reserved 1048576K
}
Event: 1816.313 GC heap before
{Heap before GC invocations=31 (full 0):
 garbage-first heap   total 262144K, used 195800K [0x0000000080000000, 0x0000000100000000)
  region size 1024K, 12 young (12288K), 7 survivors (7168K)
 Metaspace       used 123935K, capacity 127084K, committed 127320K, reserved 1159168K
  class space    used 15582K, capacity 16695K, committed 16768K, reserved 1048576K
}
Event: 1816.324 GC heap after
{Heap after GC invocations=32 (full 0):
 garbage-first heap   total 262144K, used 192883K [0x0000000080000000, 0x0000000100000000)
  region size 1024K, 2 young (2048K), 2 survivors (2048K)
 Metaspace       used 123935K, capacity 127084K, committed 127320K, reserved 1159168K
  class space    used 15582K, capacity 16695K, committed 16768K, reserved 1048576K
}
Event: 1816.574 GC heap before
{Heap before GC invocations=32 (full 0):
 garbage-first heap   total 262144K, used 203123K [0x0000000080000000, 0x0000000100000000)
  region size 1024K, 14 young (14336K), 2 survivors (2048K)
 Metaspace       used 124258K, capacity 127372K, committed 127576K, reserved 1161216K
  class space    used 15607K, capacity 16727K, committed 16768K, reserved 1048576K
}
Event: 1816.579 GC heap after
{Heap after GC invocations=33 (full 0):
 garbage-first heap   total 262144K, used 194088K [0x0000000080000000, 0x0000000100000000)
  region size 1024K, 4 young (4096K), 4 survivors (4096K)
 Metaspace       used 124258K, capacity 127372K, committed 127576K, reserved 1161216K
  class space    used 15607K, capacity 16727K, committed 16768K, reserved 1048576K
}
Event: 1818.041 GC heap before
{Heap before GC invocations=34 (full 0):
 garbage-first heap   total 262144K, used 222760K [0x0000000080000000, 0x0000000100000000)
  region size 1024K, 24 young (24576K), 4 survivors (4096K)
 Metaspace       used 124392K, capacity 127504K, committed 127576K, reserved 1161216K
  class space    used 15615K, capacity 16728K, committed 16768K, reserved 1048576K
}
Event: 1818.049 GC heap after
{Heap after GC invocations=35 (full 0):
 garbage-first heap   total 262144K, used 196503K [0x0000000080000000, 0x0000000100000000)
  region size 1024K, 3 young (3072K), 3 survivors (3072K)
 Metaspace       used 124392K, capacity 127504K, committed 127576K, reserved 1161216K
  class space    used 15615K, capacity 16728K, committed 16768K, reserved 1048576K
}

Deoptimization events (20 events):
Event: 1817.643 Thread 0x000001df4556c000 DEOPT PACKING pc=0x000001df308dac39 sp=0x00000084401f9fb0
Event: 1817.643 Thread 0x000001df4556c000 DEOPT UNPACKING pc=0x000001df2df7a95e sp=0x00000084401f9518 mode 0
Event: 1817.655 Thread 0x000001df4556c000 DEOPT PACKING pc=0x000001df308dac39 sp=0x00000084401f9fb0
Event: 1817.655 Thread 0x000001df4556c000 DEOPT UNPACKING pc=0x000001df2df7a95e sp=0x00000084401f9518 mode 0
Event: 1817.837 Thread 0x000001df4556c000 DEOPT PACKING pc=0x000001df3083e8e4 sp=0x00000084401fa190
Event: 1817.837 Thread 0x000001df4556c000 DEOPT UNPACKING pc=0x000001df2df7a95e sp=0x00000084401f9628 mode 0
Event: 1817.881 Thread 0x000001df4556c000 Uncommon trap: trap_request=0xffffff4d fr.pc=0x000001df363f7d7c relative=0x00000000000028fc
Event: 1817.881 Thread 0x000001df4556c000 Uncommon trap: reason=unstable_if action=reinterpret pc=0x000001df363f7d7c method=org.apache.xerces.dom.ParentNode.internalRemoveChild(Lorg/w3c/dom/Node;Z)Lorg/w3c/dom/Node; @ 141 c2
Event: 1817.881 Thread 0x000001df4556c000 DEOPT PACKING pc=0x000001df363f7d7c sp=0x00000084401fa360
Event: 1817.881 Thread 0x000001df4556c000 DEOPT UNPACKING pc=0x000001df2df7a1af sp=0x00000084401fa248 mode 2
Event: 1817.881 Thread 0x000001df4556c000 Uncommon trap: trap_request=0xffffff4d fr.pc=0x000001df36407120 relative=0x0000000000000820
Event: 1817.881 Thread 0x000001df4556c000 Uncommon trap: reason=unstable_if action=reinterpret pc=0x000001df36407120 method=org.apache.xerces.dom.ParentNode.internalRemoveChild(Lorg/w3c/dom/Node;Z)Lorg/w3c/dom/Node; @ 254 c2
Event: 1817.881 Thread 0x000001df4556c000 DEOPT PACKING pc=0x000001df36407120 sp=0x00000084401fa300
Event: 1817.881 Thread 0x000001df4556c000 DEOPT UNPACKING pc=0x000001df2df7a1af sp=0x00000084401fa248 mode 2
Event: 1817.935 Thread 0x000001df4556c000 DEOPT PACKING pc=0x000001df307a43e1 sp=0x00000084401fa140
Event: 1817.935 Thread 0x000001df4556c000 DEOPT UNPACKING pc=0x000001df2df7a95e sp=0x00000084401f95c8 mode 0
Event: 1818.055 Thread 0x000001df4556c000 Uncommon trap: trap_request=0xffffff4d fr.pc=0x000001df3641fbd4 relative=0x0000000000000614
Event: 1818.057 Thread 0x000001df4556c000 Uncommon trap: reason=unstable_if action=reinterpret pc=0x000001df3641fbd4 method=java.io.BufferedWriter.min(II)I @ 2 c2
Event: 1818.057 Thread 0x000001df4556c000 DEOPT PACKING pc=0x000001df3641fbd4 sp=0x00000084401fa260
Event: 1818.057 Thread 0x000001df4556c000 DEOPT UNPACKING pc=0x000001df2df7a1af sp=0x00000084401fa190 mode 2

Classes redefined (0 events):
No events

Internal exceptions (20 events):
Event: 1813.423 Thread 0x000001df4557f000 Exception <a 'sun/nio/fs/WindowsException'{0x000000008d552080}> (0x000000008d552080) thrown at [./src/hotspot/share/prims/jni.cpp, line 616]
Event: 1813.423 Thread 0x000001df4557f000 Exception <a 'sun/nio/fs/WindowsException'{0x000000008d553650}> (0x000000008d553650) thrown at [./src/hotspot/share/prims/jni.cpp, line 616]
Event: 1813.424 Thread 0x000001df4557f000 Exception <a 'sun/nio/fs/WindowsException'{0x000000008d554a18}> (0x000000008d554a18) thrown at [./src/hotspot/share/prims/jni.cpp, line 616]
Event: 1813.424 Thread 0x000001df4557f000 Exception <a 'sun/nio/fs/WindowsException'{0x000000008d555de0}> (0x000000008d555de0) thrown at [./src/hotspot/share/prims/jni.cpp, line 616]
Event: 1813.910 Thread 0x000001df45565800 Exception <a 'sun/nio/fs/WindowsException'{0x000000008beb78c0}> (0x000000008beb78c0) thrown at [./src/hotspot/share/prims/jni.cpp, line 616]
Event: 1813.910 Thread 0x000001df45565800 Exception <a 'sun/nio/fs/WindowsException'{0x000000008beb89e8}> (0x000000008beb89e8) thrown at [./src/hotspot/share/prims/jni.cpp, line 616]
Event: 1814.098 Thread 0x000001df45565800 Implicit null exception at 0x000001df35ed8677 to 0x000001df35ed880c
Event: 1814.126 Thread 0x000001df4557b000 Exception <a 'java/lang/NoSuchMethodError'{0x000000008f87ba40}: <clinit>> (0x000000008f87ba40) thrown at [./src/hotspot/share/prims/jni.cpp, line 1366]
Event: 1814.153 Thread 0x000001df4557b000 Exception <a 'java/lang/NoSuchMethodError'{0x000000008f69adf0}: <clinit>> (0x000000008f69adf0) thrown at [./src/hotspot/share/prims/jni.cpp, line 1366]
Event: 1814.161 Thread 0x000001df45564800 Exception <a 'java/lang/NoSuchMethodError'{0x000000008f6bc9d8}: <clinit>> (0x000000008f6bc9d8) thrown at [./src/hotspot/share/prims/jni.cpp, line 1366]
Event: 1814.162 Thread 0x000001df45564800 Exception <a 'java/lang/NoSuchMethodError'{0x000000008f6dae40}: <clinit>> (0x000000008f6dae40) thrown at [./src/hotspot/share/prims/jni.cpp, line 1366]
Event: 1814.164 Thread 0x000001df45564800 Exception <a 'java/lang/NoSuchMethodError'{0x000000008f50bd80}: <clinit>> (0x000000008f50bd80) thrown at [./src/hotspot/share/prims/jni.cpp, line 1366]
Event: 1814.178 Thread 0x000001df45567000 Exception <a 'java/lang/NoSuchMethodError'{0x000000008f567348}: 'int java.lang.invoke.DirectMethodHandle$Holder.invokeSpecial(java.lang.Object, java.lang.Object, java.lang.Object, java.lang.Object, java.lang.Object)'> (0x000000008f567348) thrown at [./src/hotspot/share/interpreter/linkResolver.cpp, line 773]
Event: 1814.752 Thread 0x000001df45567000 Exception <a 'java/lang/NoSuchMethodError'{0x000000008e760218}: <clinit>> (0x000000008e760218) thrown at [./src/hotspot/share/prims/jni.cpp, line 1366]
Event: 1814.770 Thread 0x000001df4556c000 Exception <a 'java/lang/NoSuchMethodError'{0x000000008e7a8400}: 'void java.lang.invoke.DirectMethodHandle$Holder.invokeInterface(java.lang.Object, java.lang.Object, java.lang.Object, java.lang.Object)'> (0x000000008e7a8400) thrown at [./src/hotspot/share/interpreter/linkResolver.cpp, line 773]
Event: 1814.862 Thread 0x000001df4557b000 Exception <a 'java/lang/NoSuchMethodError'{0x000000008e098328}: <clinit>> (0x000000008e098328) thrown at [./src/hotspot/share/prims/jni.cpp, line 1366]
Event: 1814.864 Thread 0x000001df4557b000 Exception <a 'java/lang/NoSuchMethodError'{0x000000008e0a1008}: <clinit>> (0x000000008e0a1008) thrown at [./src/hotspot/share/prims/jni.cpp, line 1366]
Event: 1814.965 Thread 0x000001df4556c000 Exception <a 'sun/nio/fs/WindowsException'{0x000000008dc225f0}> (0x000000008dc225f0) thrown at [./src/hotspot/share/prims/jni.cpp, line 616]
Event: 1814.965 Thread 0x000001df4556c000 Exception <a 'sun/nio/fs/WindowsException'{0x000000008dc23470}> (0x000000008dc23470) thrown at [./src/hotspot/share/prims/jni.cpp, line 616]
Event: 1816.398 Thread 0x000001df4556c000 Implicit null exception at 0x000001df36396410 to 0x000001df3639716f

Events (20 events):
Event: 1817.235 Thread 0x000001df48da2000 Thread exited: 0x000001df48da2000
Event: 1817.473 Thread 0x000001df48da7000 Thread added: 0x000001df48da7000
Event: 1817.986 loading class com/google/common/cache/LocalCache$EntrySet
Event: 1817.986 loading class com/google/common/cache/LocalCache$EntrySet done
Event: 1817.988 loading class com/google/common/cache/LocalCache$AbstractCacheSet
Event: 1817.988 loading class com/google/common/cache/LocalCache$AbstractCacheSet done
Event: 1817.989 loading class com/google/common/cache/LocalCache$EntryIterator
Event: 1817.989 loading class com/google/common/cache/LocalCache$EntryIterator done
Event: 1817.990 loading class com/google/common/cache/LocalCache$HashIterator
Event: 1817.990 loading class com/google/common/cache/LocalCache$HashIterator done
Event: 1817.990 loading class com/google/common/cache/LocalCache$WriteThroughEntry
Event: 1817.990 loading class com/google/common/cache/LocalCache$WriteThroughEntry done
Event: 1817.995 loading class com/android/ide/common/blame/MergingLogPersistUtil$SourcePositionsSerializer
Event: 1817.995 loading class com/android/ide/common/blame/MergingLogPersistUtil$SourcePositionsSerializer done
Event: 1817.996 loading class com/android/ide/common/blame/MergingLogPersistUtil$SourcePositionsSerializer$Kind
Event: 1817.996 loading class com/android/ide/common/blame/MergingLogPersistUtil$SourcePositionsSerializer$Kind done
Event: 1818.041 Executing VM operation: G1CollectForAllocation
Event: 1818.049 Executing VM operation: G1CollectForAllocation done
Event: 1818.055 Executing VM operation: RevokeBias
Event: 1818.055 Executing VM operation: RevokeBias done


Dynamic libraries:
0x00007ff7071d0000 - 0x00007ff7071da000 	C:\Program Files\Android\Android Studio\jre\bin\java.exe
0x00007ffc17a70000 - 0x00007ffc17c68000 	C:\WINDOWS\SYSTEM32\ntdll.dll
0x00007ffc17190000 - 0x00007ffc1724d000 	C:\WINDOWS\System32\KERNEL32.DLL
0x00007ffc155d0000 - 0x00007ffc1589e000 	C:\WINDOWS\System32\KERNELBASE.dll
0x00007ffc15480000 - 0x00007ffc15580000 	C:\WINDOWS\System32\ucrtbase.dll
0x00007ffc02010000 - 0x00007ffc02027000 	C:\Program Files\Android\Android Studio\jre\bin\VCRUNTIME140.dll
0x00007ffc015b0000 - 0x00007ffc015c9000 	C:\Program Files\Android\Android Studio\jre\bin\jli.dll
0x00007ffc15b80000 - 0x00007ffc15d20000 	C:\WINDOWS\System32\USER32.dll
0x00007ffc01910000 - 0x00007ffc01baa000 	C:\WINDOWS\WinSxS\amd64_microsoft.windows.common-controls_6595b64144ccf1df_6.0.19041.1110_none_60b5254171f9507e\COMCTL32.dll
0x00007ffc15940000 - 0x00007ffc15962000 	C:\WINDOWS\System32\win32u.dll
0x00007ffc17a00000 - 0x00007ffc17a2a000 	C:\WINDOWS\System32\GDI32.dll
0x00007ffc15190000 - 0x00007ffc1529b000 	C:\WINDOWS\System32\gdi32full.dll
0x00007ffc17040000 - 0x00007ffc170de000 	C:\WINDOWS\System32\msvcrt.dll
0x00007ffc158a0000 - 0x00007ffc1593d000 	C:\WINDOWS\System32\msvcp_win.dll
0x00007ffc15e00000 - 0x00007ffc15e30000 	C:\WINDOWS\System32\IMM32.DLL
0x00007ffbf7520000 - 0x00007ffbf75bd000 	C:\Program Files\Android\Android Studio\jre\bin\msvcp140.dll
0x00007ffbc4fe0000 - 0x00007ffbc5ae2000 	C:\Program Files\Android\Android Studio\jre\bin\server\jvm.dll
0x00007ffc165b0000 - 0x00007ffc1665e000 	C:\WINDOWS\System32\ADVAPI32.dll
0x00007ffc16fa0000 - 0x00007ffc1703c000 	C:\WINDOWS\System32\sechost.dll
0x00007ffc15fe0000 - 0x00007ffc16105000 	C:\WINDOWS\System32\RPCRT4.dll
0x00007ffc15df0000 - 0x00007ffc15df8000 	C:\WINDOWS\System32\PSAPI.DLL
0x00007ffc0beb0000 - 0x00007ffc0bed7000 	C:\WINDOWS\SYSTEM32\WINMM.dll
0x00007ffc0c200000 - 0x00007ffc0c20a000 	C:\WINDOWS\SYSTEM32\VERSION.dll
0x00007ffc11700000 - 0x00007ffc11709000 	C:\WINDOWS\SYSTEM32\WSOCK32.dll
0x00007ffc16f20000 - 0x00007ffc16f8b000 	C:\WINDOWS\System32\WS2_32.dll
0x00007ffc130a0000 - 0x00007ffc130b2000 	C:\WINDOWS\SYSTEM32\kernel.appcore.dll
0x00007ffc10140000 - 0x00007ffc10151000 	C:\Program Files\Android\Android Studio\jre\bin\verify.dll
0x00007ffc08ea0000 - 0x00007ffc09084000 	C:\WINDOWS\SYSTEM32\DBGHELP.DLL
0x00007ffbfd9a0000 - 0x00007ffbfd9cc000 	C:\WINDOWS\SYSTEM32\dbgcore.DLL
0x00007ffc15380000 - 0x00007ffc15402000 	C:\WINDOWS\System32\bcryptPrimitives.dll
0x00007ffc015d0000 - 0x00007ffc015f9000 	C:\Program Files\Android\Android Studio\jre\bin\java.dll
0x00007ffc116b0000 - 0x00007ffc116bb000 	C:\Program Files\Android\Android Studio\jre\bin\jimage.dll
0x00007ffc094f0000 - 0x00007ffc09508000 	C:\Program Files\Android\Android Studio\jre\bin\zip.dll
0x00007ffc17250000 - 0x00007ffc17993000 	C:\WINDOWS\System32\SHELL32.dll
0x00007ffc132a0000 - 0x00007ffc13a35000 	C:\WINDOWS\SYSTEM32\windows.storage.dll
0x00007ffc16250000 - 0x00007ffc165a4000 	C:\WINDOWS\System32\combase.dll
0x00007ffc14bf0000 - 0x00007ffc14c20000 	C:\WINDOWS\SYSTEM32\Wldp.dll
0x00007ffc16b30000 - 0x00007ffc16bdd000 	C:\WINDOWS\System32\SHCORE.dll
0x00007ffc16ec0000 - 0x00007ffc16f15000 	C:\WINDOWS\System32\shlwapi.dll
0x00007ffc150d0000 - 0x00007ffc150ef000 	C:\WINDOWS\SYSTEM32\profapi.dll
0x00007ffc09480000 - 0x00007ffc0949a000 	C:\Program Files\Android\Android Studio\jre\bin\net.dll
0x00007ffc0dbe0000 - 0x00007ffc0dcea000 	C:\WINDOWS\SYSTEM32\WINHTTP.dll
0x00007ffc14950000 - 0x00007ffc149ba000 	C:\WINDOWS\system32\mswsock.dll
0x00007ffc093c0000 - 0x00007ffc093d4000 	C:\Program Files\Android\Android Studio\jre\bin\nio.dll
0x00007ffc01610000 - 0x00007ffc01637000 	C:\Users\XPC\.gradle\native\e1d6ef7f7dcc3fd88c89a11ec53ec762bb8ba0a96d01ffa2cd45eb1d1d8dd5c5\windows-amd64\native-platform.dll
0x00007ffbee370000 - 0x00007ffbee4b4000 	C:\Users\XPC\.gradle\native\0d407fdbe67a94daf76414ababcb853783967236a71b16ec16e742cd7a986fd3\windows-amd64\native-platform-file-events.dll
0x00007ffc0fe70000 - 0x00007ffc0fe7a000 	C:\Program Files\Android\Android Studio\jre\bin\management.dll
0x00007ffc09420000 - 0x00007ffc0942d000 	C:\Program Files\Android\Android Studio\jre\bin\management_ext.dll
0x00007ffc14b40000 - 0x00007ffc14b58000 	C:\WINDOWS\SYSTEM32\CRYPTSP.dll
0x00007ffc14260000 - 0x00007ffc14294000 	C:\WINDOWS\system32\rsaenh.dll
0x00007ffc152a0000 - 0x00007ffc152c7000 	C:\WINDOWS\System32\bcrypt.dll
0x00007ffc15050000 - 0x00007ffc1507e000 	C:\WINDOWS\SYSTEM32\USERENV.dll
0x00007ffc14b60000 - 0x00007ffc14b6c000 	C:\WINDOWS\SYSTEM32\CRYPTBASE.dll
0x00007ffc145f0000 - 0x00007ffc1462b000 	C:\WINDOWS\SYSTEM32\IPHLPAPI.DLL
0x00007ffc16f90000 - 0x00007ffc16f98000 	C:\WINDOWS\System32\NSI.dll
0x00007ffc0f590000 - 0x00007ffc0f5a7000 	C:\WINDOWS\SYSTEM32\dhcpcsvc6.DLL
0x00007ffc0f490000 - 0x00007ffc0f4ad000 	C:\WINDOWS\SYSTEM32\dhcpcsvc.DLL
0x00007ffc14630000 - 0x00007ffc146fa000 	C:\WINDOWS\SYSTEM32\DNSAPI.dll
0x00007ffc01130000 - 0x00007ffc01157000 	C:\Program Files\Android\Android Studio\jre\bin\sunec.dll
0x00007ffc0deb0000 - 0x00007ffc0deba000 	C:\Windows\System32\rasadhlp.dll
0x00007ffc0c090000 - 0x00007ffc0c110000 	C:\WINDOWS\System32\fwpuclnt.dll

dbghelp: loaded successfully - version: 4.0.5 - missing functions: none
symbol engine: initialized successfully - sym options: 0x614 - pdb path: .;C:\Program Files\Android\Android Studio\jre\bin;C:\WINDOWS\SYSTEM32;C:\WINDOWS\WinSxS\amd64_microsoft.windows.common-controls_6595b64144ccf1df_6.0.19041.1110_none_60b5254171f9507e;C:\Program Files\Android\Android Studio\jre\bin\server;C:\Users\XPC\.gradle\native\e1d6ef7f7dcc3fd88c89a11ec53ec762bb8ba0a96d01ffa2cd45eb1d1d8dd5c5\windows-amd64;C:\Users\XPC\.gradle\native\0d407fdbe67a94daf76414ababcb853783967236a71b16ec16e742cd7a986fd3\windows-amd64

VM Arguments:
jvm_args: --add-opens=java.base/java.util=ALL-UNNAMED --add-opens=java.base/java.lang=ALL-UNNAMED --add-opens=java.base/java.lang.invoke=ALL-UNNAMED --add-opens=java.base/java.util=ALL-UNNAMED --add-opens=java.prefs/java.util.prefs=ALL-UNNAMED --add-opens=java.prefs/java.util.prefs=ALL-UNNAMED --add-opens=java.base/java.nio.charset=ALL-UNNAMED --add-opens=java.base/java.net=ALL-UNNAMED --add-opens=java.base/java.util.concurrent.atomic=ALL-UNNAMED -Xmx2048m -Dfile.encoding=UTF-8 -Duser.country=US -Duser.language=en -Duser.variant 
java_command: org.gradle.launcher.daemon.bootstrap.GradleDaemon 7.4
java_class_path (initial): C:\Users\XPC\.gradle\wrapper\dists\gradle-7.4-bin\c0gwcg53nkjbqw7r0h0umtfvt\gradle-7.4\lib\gradle-launcher-7.4.jar
Launcher Type: SUN_STANDARD

[Global flags]
     intx CICompilerCount                          = 3                                         {product} {ergonomic}
     uint ConcGCThreads                            = 2                                         {product} {ergonomic}
     uint G1ConcRefinementThreads                  = 6                                         {product} {ergonomic}
   size_t G1HeapRegionSize                         = 1048576                                   {product} {ergonomic}
    uintx GCDrainStackTargetSize                   = 64                                        {product} {ergonomic}
   size_t InitialHeapSize                          = 268435456                                 {product} {ergonomic}
   size_t MarkStackSize                            = 4194304                                   {product} {ergonomic}
   size_t MaxHeapSize                              = 2147483648                                {product} {command line}
   size_t MaxNewSize                               = 1287651328                                {product} {ergonomic}
   size_t MinHeapDeltaBytes                        = 1048576                                   {product} {ergonomic}
    uintx NonNMethodCodeHeapSize                   = 5830732                                {pd product} {ergonomic}
    uintx NonProfiledCodeHeapSize                  = 122913754                              {pd product} {ergonomic}
    uintx ProfiledCodeHeapSize                     = 122913754                              {pd product} {ergonomic}
    uintx ReservedCodeCacheSize                    = 251658240                              {pd product} {ergonomic}
     bool SegmentedCodeCache                       = true                                      {product} {ergonomic}
     bool UseCompressedClassPointers               = true                                 {lp64_product} {ergonomic}
     bool UseCompressedOops                        = true                                 {lp64_product} {ergonomic}
     bool UseG1GC                                  = true                                      {product} {ergonomic}
     bool UseLargePagesIndividualAllocation        = false                                  {pd product} {ergonomic}

Logging:
Log output configuration:
 #0: stdout all=warning uptime,level,tags
 #1: stderr all=off uptime,level,tags

Environment Variables:
PATH=C:\Python310\Scripts\;C:\Python310\;C:\Program Files (x86)\Razer Chroma SDK\bin;C:\Program Files\Razer Chroma SDK\bin;C:\Program Files (x86)\Razer\ChromaBroadcast\bin;C:\Program Files\Razer\ChromaBroadcast\bin;C:\Program Files\Common Files\Oracle\Java\javapath;C:\ProgramData\Oracle\Java\javapath;C:\Windows\system32;C:\Windows;C:\Windows\System32\Wbem;C:\Windows\System32\WindowsPowerShell\v1.0\;C:\Windows\System32\OpenSSH\;C:\Program Files (x86)\NVIDIA Corporation\PhysX\Common;C:\Program Files\NVIDIA Corporation\NVIDIA NvDLISR;C:\Windows\system32\config\systemprofile\AppData\Local\Microsoft\WindowsApps;C:\WINDOWS\system32;C:\WINDOWS;C:\WINDOWS\System32\Wbem;C:\WINDOWS\System32\WindowsPowerShell\v1.0\;C:\WINDOWS\System32\OpenSSH\;C:\WINDOWS\system32\config\systemprofile\AppData\Local\Microsoft\WindowsApps;C:\Program Files\Git\cmd;L:\Juan Carlos Santamaria - Ingeniera en Sistemas de Computacin\Bases de datos NoSQL\;C:\ProgramData\chocolatey\bin;C:\Program Files\MySQL\MySQL Shell 8.0\bin\;C:\Users\XPC\AppData\Local\Microsoft\WindowsApps;C:\Users\XPC\AppData\Local\GitHubDesktop\bin;C:\Users\XPC\AppData\Roaming\npm;C:\Users\XPC\AppData\Local\Programs\Microsoft VS Code\bin
USERNAME=XPC
OS=Windows_NT
PROCESSOR_IDENTIFIER=Intel64 Family 6 Model 158 Stepping 13, GenuineIntel



---------------  S Y S T E M  ---------------

OS: Windows 10 , 64 bit Build 19041 (10.0.19041.1889)
OS uptime: 0 days 11:48 hours

CPU:total 6 (initial active 6) (6 cores per cpu, 1 threads per core) family 6 model 158 stepping 13 microcode 0xb8, cmov, cx8, fxsr, mmx, sse, sse2, sse3, ssse3, sse4.1, sse4.2, popcnt, avx, avx2, aes, clmul, erms, rtm, 3dnowpref, lzcnt, tsc, tscinvbit, bmi1, bmi2, adx, fma

Memory: 4k page, system-wide physical 16323M (2116M free)
TotalPageFile size 22979M (AvailPageFile size 5M)
current process WorkingSet (physical memory assigned to process): 526M, peak: 570M
current process commit charge ("private bytes"): 619M, peak: 632M

vm_info: OpenJDK 64-Bit Server VM (11.0.13+0-b1751.21-8125866) for windows-amd64 JRE (11.0.13+0-b1751.21-8125866), built on Feb  2 2022 03:00:22 by "builder" with MS VC++ 14.0 (VS2015)

END.
